2025-09-24 20:24:40 Loading main app package /opt/Obsidian/resources/obsidian.asar
2025-09-24 20:24:40 Checking for update using Github
2025-09-24 20:24:40 Success.
2025-09-24 20:24:40 Latest version is 1.9.12
2025-09-24 20:24:40 App is up to date.
2025-09-25 06:11:09 Loading main app package /opt/Obsidian/resources/obsidian.asar
2025-09-25 06:11:09 Checking for update using Github
2025-09-25 06:11:09 Success.
2025-09-25 06:11:09 Latest version is 1.9.12
2025-09-25 06:11:09 App is up to date.
2025-09-25 06:14:10 Loading main app package /opt/Obsidian/resources/obsidian.asar
2025-09-25 06:14:11 Checking for update using Github
2025-09-25 06:14:11 Success.
2025-09-25 06:14:11 Latest version is 1.9.12
2025-09-25 06:14:11 App is up to date.
2025-09-25 06:14:21 Loading main app package /opt/Obsidian/resources/obsidian.asar
2025-09-25 06:14:22 Checking for update using Github
2025-09-25 06:14:22 Success.
2025-09-25 06:14:22 Latest version is 1.9.12
2025-09-25 06:14:22 App is up to date.
2025-09-25 06:14:52 Loading main app package /opt/Obsidian/resources/obsidian.asar
2025-09-25 06:14:52 Checking for update using Github
2025-09-25 06:14:52 Success.
2025-09-25 06:14:52 Latest version is 1.9.12
2025-09-25 06:14:52 App is up to date.
2025-09-25 06:15:00 Loading main app package /opt/Obsidian/resources/obsidian.asar
2025-09-25 06:15:00 Checking for update using Github
2025-09-25 06:15:00 Success.
2025-09-25 06:15:00 Latest version is 1.9.12
2025-09-25 06:15:00 App is up to date.
2025-09-25 08:03:19 Loading main app package /opt/Obsidian/resources/obsidian.asar
2025-09-25 08:03:19 Checking for update using Github
2025-09-25 08:03:20 Success.
2025-09-25 08:03:20 Latest version is 1.9.12
2025-09-25 08:03:20 App is up to date.
2025-09-25 08:06:02 Loading main app package /opt/Obsidian/resources/obsidian.asar
2025-09-25 08:06:03 Checking for update using Github
2025-09-25 08:06:03 Success.
2025-09-25 08:06:03 Latest version is 1.9.12
2025-09-25 08:06:03 App is up to date.
2025-09-25 09:06:03 Checking for update using Github
2025-09-25 09:06:03 Success.
2025-09-25 09:06:03 Latest version is 1.9.12
2025-09-25 09:06:03 App is up to date.
2025-09-25 15:06:57 Loading main app package /opt/Obsidian/resources/obsidian.asar
2025-09-25 15:06:57 Checking for update using Github
2025-09-25 15:06:58 Success.
2025-09-25 15:06:58 Latest version is 1.9.12
2025-09-25 15:06:58 App is up to date.
2025-09-25 15:43:41 Loading main app package /opt/Obsidian/resources/obsidian.asar
2025-09-25 15:43:41 Checking for update using Github
2025-09-25 15:43:42 Success.
2025-09-25 15:43:42 Latest version is 1.9.12
2025-09-25 15:43:42 App is up to date.
2025-09-25 19:06:49 Loading main app package /opt/Obsidian/resources/obsidian.asar
2025-09-25 19:06:49 Checking for update using Github
2025-09-25 19:06:49 Success.
2025-09-25 19:06:49 Latest version is 1.9.12
2025-09-25 19:06:49 App is up to date.
2025-09-25 20:06:49 Checking for update using Github
2025-09-25 20:06:49 Success.
2025-09-25 20:06:49 Latest version is 1.9.12
2025-09-25 20:06:49 App is up to date.
2025-09-26 13:07:51 Loading main app package /opt/Obsidian/resources/obsidian.asar
2025-09-26 13:07:51 Checking for update using Github
2025-09-26 13:07:52 Success.
2025-09-26 13:07:52 Latest version is 1.9.12
2025-09-26 13:07:52 App is up to date.
2025-09-26 14:07:51 Checking for update using Github
2025-09-26 14:07:51 Success.
2025-09-26 14:07:51 Latest version is 1.9.12
2025-09-26 14:07:51 App is up to date.
2025-09-26 16:51:30 Loading main app package /opt/Obsidian/resources/obsidian.asar
2025-09-26 16:51:30 Checking for update using Github
2025-09-26 16:51:30 Success.
2025-09-26 16:51:30 Latest version is 1.9.12
2025-09-26 16:51:30 App is up to date.
2025-09-26 19:51:28 Loading main app package /opt/Obsidian/resources/obsidian.asar
2025-09-26 19:51:28 Checking for update using Github
2025-09-26 19:51:28 Success.
2025-09-26 19:51:28 Latest version is 1.9.12
2025-09-26 19:51:28 App is up to date.
2025-09-26 20:51:28 Checking for update using Github
2025-09-26 20:51:28 Success.
2025-09-26 20:51:28 Latest version is 1.9.12
2025-09-26 20:51:28 App is up to date.
2025-09-27 07:58:03 Loading main app package /opt/Obsidian/resources/obsidian.asar
2025-09-27 07:58:04 Checking for update using Github
2025-09-27 07:58:04 Success.
2025-09-27 07:58:04 Latest version is 1.9.12
2025-09-27 07:58:04 App is up to date.
2025-09-27 08:58:03 Checking for update using Github
2025-09-27 08:58:03 Success.
2025-09-27 08:58:03 Latest version is 1.9.12
2025-09-27 08:58:03 App is up to date.
2025-09-27 13:44:37 Loading main app package /opt/Obsidian/resources/obsidian.asar
2025-09-27 13:44:37 Checking for update using Github
2025-09-27 13:44:37 Success.
2025-09-27 13:44:37 Latest version is 1.9.12
2025-09-27 13:44:37 App is up to date.
2025-09-27 13:44:51 Loading main app package /opt/Obsidian/resources/obsidian.asar
2025-09-27 13:44:51 Checking for update using Github
2025-09-27 13:44:52 Success.
2025-09-27 13:44:52 Latest version is 1.9.12
2025-09-27 13:44:52 App is up to date.
2025-09-27 15:01:27 Checking for update using Github
2025-09-27 15:01:27 Success.
2025-09-27 15:01:27 Latest version is 1.9.12
2025-09-27 15:01:27 App is up to date.
2025-09-27 20:52:07 Loading main app package /opt/Obsidian/resources/obsidian.asar
2025-09-27 20:52:07 Checking for update using Github
2025-09-27 20:52:07 Success.
2025-09-27 20:52:07 Latest version is 1.9.12
2025-09-27 20:52:07 App is up to date.
2025-09-28 10:52:25 Loading main app package /opt/Obsidian/resources/obsidian.asar
2025-09-28 10:52:25 Checking for update using Github
2025-09-28 10:52:25 Success.
2025-09-28 10:52:25 Latest version is 1.9.12
2025-09-28 10:52:25 App is up to date.
2025-09-28 11:44:29 Loading main app package /opt/Obsidian/resources/obsidian.asar
2025-09-28 11:44:29 Checking for update using Github
2025-09-28 11:44:29 Success.
2025-09-28 11:44:29 Latest version is 1.9.12
2025-09-28 11:44:29 App is up to date.
2025-09-28 11:45:23 Loading main app package /opt/Obsidian/resources/obsidian.asar
2025-09-28 11:45:23 Checking for update using Github
2025-09-28 12:08:56 Loading main app package /opt/Obsidian/resources/obsidian.asar
2025-09-28 12:08:56 Checking for update using Github
2025-09-28 13:03:58 Checking for update using Github
2025-09-28 13:03:58 Success.
2025-09-28 13:03:58 Latest version is 1.9.12
2025-09-28 13:03:58 App is up to date.
2025-09-28 13:19:13 Loading main app package /opt/Obsidian/resources/obsidian.asar
2025-09-28 13:19:14 Checking for update using Github
2025-09-28 13:19:14 Success.
2025-09-28 13:19:14 Latest version is 1.9.12
2025-09-28 13:19:14 App is up to date.
2025-09-28 13:19:18 Loading main app package /opt/Obsidian/resources/obsidian.asar
2025-09-28 13:19:18 Checking for update using Github
2025-09-28 13:19:29 Loading main app package /opt/Obsidian/resources/obsidian.asar
2025-09-28 13:19:29 Checking for update using Github
2025-09-28 14:19:14 Checking for update using Github
2025-09-28 14:19:14 Success.
2025-09-28 14:19:14 Latest version is 1.9.12
2025-09-28 14:19:14 App is up to date.
2025-09-28 14:56:45 Loading main app package /opt/Obsidian/resources/obsidian.asar
2025-09-28 14:56:45 Checking for update using Github
2025-09-28 14:56:45 Success.
2025-09-28 14:56:45 Latest version is 1.9.12
2025-09-28 14:56:45 App is up to date.
2025-09-28 15:16:07 Loading main app package /opt/Obsidian/resources/obsidian.asar
2025-09-28 15:16:07 Checking for update using Github
2025-09-28 15:16:07 Success.
2025-09-28 15:16:07 Latest version is 1.9.12
2025-09-28 15:16:07 App is up to date.
2025-09-28 16:32:27 Loading main app package /opt/Obsidian/resources/obsidian.asar
2025-09-28 16:32:27 Checking for update using Github
2025-09-28 16:32:27 Success.
2025-09-28 16:32:27 Latest version is 1.9.12
2025-09-28 16:32:27 App is up to date.
2025-09-28 17:32:27 Checking for update using Github
2025-09-28 17:32:27 Success.
2025-09-28 17:32:27 Latest version is 1.9.12
2025-09-28 17:32:27 App is up to date.
2025-09-28 17:56:15 Loading main app package /opt/Obsidian/resources/obsidian.asar
2025-09-28 17:56:15 Checking for update using Github
2025-09-28 17:56:15 Success.
2025-09-28 17:56:15 Latest version is 1.9.12
2025-09-28 17:56:15 App is up to date.
2025-09-28 17:59:06 Loading main app package /opt/Obsidian/resources/obsidian.asar
2025-09-28 17:59:06 Checking for update using Github
2025-09-28 17:59:06 Success.
2025-09-28 17:59:06 Latest version is 1.9.12
2025-09-28 17:59:06 App is up to date.
2025-09-28 19:43:40 Loading main app package /opt/Obsidian/resources/obsidian.asar
2025-09-28 19:43:41 Checking for update using Github
2025-09-28 19:43:41 Success.
2025-09-28 19:43:41 Latest version is 1.9.12
2025-09-28 19:43:41 App is up to date.
2025-09-28 20:43:40 Checking for update using Github
2025-09-28 20:43:41 Success.
2025-09-28 20:43:41 Latest version is 1.9.12
2025-09-28 20:43:41 App is up to date.
2025-09-29 06:38:48 Loading main app package /opt/Obsidian/resources/obsidian.asar
2025-09-29 06:38:48 Checking for update using Github
2025-09-29 06:38:48 Success.
2025-09-29 06:38:48 Latest version is 1.9.12
2025-09-29 06:38:48 App is up to date.
2025-09-29 15:18:18 Loading main app package /opt/Obsidian/resources/obsidian.asar
2025-09-29 15:18:18 Checking for update using Github
2025-09-29 15:18:19 Success.
2025-09-29 15:18:19 Latest version is 1.9.12
2025-09-29 15:18:19 App is up to date.
2025-09-29 19:52:52 Loading main app package /opt/Obsidian/resources/obsidian.asar
2025-09-29 19:52:52 Checking for update using Github
2025-09-29 19:52:52 Success.
2025-09-29 19:52:52 Latest version is 1.9.12
2025-09-29 19:52:52 App is up to date.
2025-09-29 20:02:41 Loading main app package /opt/Obsidian/resources/obsidian.asar
2025-09-29 20:02:41 Checking for update using Github
2025-09-29 20:02:42 Success.
2025-09-29 20:02:42 Latest version is 1.9.12
2025-09-29 20:02:42 App is up to date.
2025-09-29 20:10:46 Loading main app package /opt/Obsidian/resources/obsidian.asar
2025-09-29 20:10:46 Checking for update using Github
2025-09-29 20:10:46 Success.
2025-09-29 20:10:46 Latest version is 1.9.12
2025-09-29 20:10:46 App is up to date.
2025-09-29 21:10:46 Checking for update using Github
2025-09-29 21:10:46 Success.
2025-09-29 21:10:46 Latest version is 1.9.12
2025-09-29 21:10:46 App is up to date.
2025-09-30 06:28:37 Loading main app package /opt/Obsidian/resources/obsidian.asar
2025-09-30 06:28:38 Checking for update using Github
2025-09-30 06:28:38 Success.
2025-09-30 06:28:38 Latest version is 1.9.12
2025-09-30 06:28:38 App is up to date.
2025-09-30 11:11:23 Loading main app package /opt/Obsidian/resources/obsidian.asar
2025-09-30 11:11:23 Checking for update using Github
2025-09-30 11:11:23 Success.
2025-09-30 11:11:23 Latest version is 1.9.12
2025-09-30 11:11:23 App is up to date.
2025-09-30 11:56:45 Loading main app package /opt/Obsidian/resources/obsidian.asar
2025-09-30 11:56:46 Checking for update using Github
2025-09-30 11:56:46 Success.
2025-09-30 11:56:46 Latest version is 1.9.12
2025-09-30 11:56:46 App is up to date.
2025-09-30 18:13:53 Loading main app package /opt/Obsidian/resources/obsidian.asar
2025-09-30 18:13:53 Checking for update using Github
2025-09-30 18:13:53 Success.
2025-09-30 18:13:53 Latest version is 1.9.12
2025-09-30 18:13:53 App is up to date.
2025-09-30 20:07:12 Loading main app package /opt/Obsidian/resources/obsidian.asar
2025-09-30 20:07:12 Checking for update using Github
2025-09-30 20:07:12 Success.
2025-09-30 20:07:12 Latest version is 1.9.12
2025-09-30 20:07:12 App is up to date.
2025-10-01 05:39:28 Loading main app package /opt/Obsidian/resources/obsidian.asar
2025-10-01 05:39:29 Checking for update using Github
2025-10-01 05:39:29 Success.
2025-10-01 05:39:29 Latest version is 1.9.12
2025-10-01 05:39:29 App is up to date.
2025-10-01 07:33:54 Loading main app package /opt/Obsidian/resources/obsidian.asar
2025-10-01 07:33:54 Checking for update using Github
2025-10-01 07:33:55 Success.
2025-10-01 07:33:55 Latest version is 1.9.12
2025-10-01 07:33:55 App is up to date.
2025-10-01 07:45:54 Loading main app package /opt/Obsidian/resources/obsidian.asar
2025-10-01 07:45:54 Checking for update using Github
2025-10-01 07:45:54 Success.
2025-10-01 07:45:54 Latest version is 1.9.12
2025-10-01 07:45:54 App is up to date.
2025-10-01 07:51:47 Loading main app package /opt/Obsidian/resources/obsidian.asar
2025-10-01 07:51:47 Checking for update using Github
2025-10-01 07:51:48 Success.
2025-10-01 07:51:48 Latest version is 1.9.12
2025-10-01 07:51:48 App is up to date.
2025-10-01 19:40:16 Loading main app package /opt/Obsidian/resources/obsidian.asar
2025-10-01 19:40:16 Checking for update using Github
2025-10-01 19:40:16 Success.
2025-10-01 19:40:16 Latest version is 1.9.14
2025-10-01 19:40:16 Downloading update from https://github.com/obsidianmd/obsidian-releases/releases/download/v1.9.14/obsidian-1.9.14.asar.gz
2025-10-01 19:40:17 Verifying hash & signature. Size= 9033685
2025-10-01 19:40:17 Saving file
2025-10-01 19:40:17 Update complete.
2025-10-01 20:40:16 Checking for update using Github
2025-10-01 20:40:16 Success.
2025-10-01 20:40:16 Latest version is 1.9.14
2025-10-01 20:40:16 An update is already downloaded.
2025-10-02 07:37:58 Loading updated app package /home/seth/.config/obsidian/obsidian-1.9.14.asar
2025-10-02 07:37:59 Checking for update using Github
2025-10-02 07:37:59 Success.
2025-10-02 07:37:59 Latest version is 1.9.14
2025-10-02 07:37:59 App is up to date.
2025-10-02 07:41:04 Loading updated app package /home/seth/.config/obsidian/obsidian-1.9.14.asar
2025-10-02 07:41:04 Checking for update using Github
2025-10-02 07:41:04 Success.
2025-10-02 07:41:04 Latest version is 1.9.14
2025-10-02 07:41:04 App is up to date.
2025-10-02 08:02:26 Loading updated app package /home/seth/.config/obsidian/obsidian-1.9.14.asar
2025-10-02 08:02:26 Checking for update using Github
2025-10-02 08:02:26 Success.
2025-10-02 08:02:26 Latest version is 1.9.14
2025-10-02 08:02:26 App is up to date.
2025-10-02 09:02:26 Checking for update using Github
2025-10-02 09:02:26 Success.
2025-10-02 09:02:26 Latest version is 1.9.14
2025-10-02 09:02:26 App is up to date.
2025-10-02 18:22:05 Loading updated app package /home/seth/.config/obsidian/obsidian-1.9.14.asar
2025-10-02 18:22:05 Checking for update using Github
2025-10-02 18:22:06 Success.
2025-10-02 18:22:06 Latest version is 1.9.14
2025-10-02 18:22:06 App is up to date.
2025-10-02 19:55:53 Checking for update using Github
2025-10-02 19:55:53 Success.
2025-10-02 19:55:53 Latest version is 1.9.14
2025-10-02 19:55:53 App is up to date.
2025-10-02 20:34:44 Loading updated app package /home/seth/.config/obsidian/obsidian-1.9.14.asar
2025-10-02 20:34:44 Checking for update using Github
2025-10-02 20:34:44 Success.
2025-10-02 20:34:44 Latest version is 1.9.14
2025-10-02 20:34:44 App is up to date.
2025-10-03 06:27:52 Loading updated app package /home/seth/.config/obsidian/obsidian-1.9.14.asar
2025-10-03 06:27:52 Checking for update using Github
2025-10-03 06:27:53 Success.
2025-10-03 06:27:53 Latest version is 1.9.14
2025-10-03 06:27:53 App is up to date.
2025-10-03 07:55:30 Loading updated app package /home/seth/.config/obsidian/obsidian-1.9.14.asar
2025-10-03 07:55:30 Checking for update using Github
2025-10-03 07:55:30 Success.
2025-10-03 07:55:30 Latest version is 1.9.14
2025-10-03 07:55:30 App is up to date.
2025-10-03 19:46:08 Loading updated app package /home/seth/.config/obsidian/obsidian-1.9.14.asar
2025-10-03 19:46:08 Checking for update using Github
2025-10-03 19:46:08 Success.
2025-10-03 19:46:08 Latest version is 1.9.14
2025-10-03 19:46:08 App is up to date.
2025-10-03 20:46:08 Checking for update using Github
2025-10-03 20:46:08 Success.
2025-10-03 20:46:08 Latest version is 1.9.14
2025-10-03 20:46:08 App is up to date.
2025-10-03 21:46:08 Checking for update using Github
2025-10-03 21:46:08 Success.
2025-10-03 21:46:08 Latest version is 1.9.14
2025-10-03 21:46:08 App is up to date.
2025-10-04 07:04:41 Loading updated app package /home/seth/.config/obsidian/obsidian-1.9.14.asar
2025-10-04 07:04:42 Checking for update using Github
2025-10-04 07:04:42 Success.
2025-10-04 07:04:42 Latest version is 1.9.14
2025-10-04 07:04:42 App is up to date.
2025-10-04 08:04:42 Checking for update using Github
2025-10-04 08:04:42 Success.
2025-10-04 08:04:42 Latest version is 1.9.14
2025-10-04 08:04:42 App is up to date.
2025-10-04 09:04:44 Checking for update using Github
2025-10-04 09:04:44 Success.
2025-10-04 09:04:44 Latest version is 1.9.14
2025-10-04 09:04:44 App is up to date.
2025-10-04 10:04:44 Checking for update using Github
2025-10-04 10:04:44 Success.
2025-10-04 10:04:44 Latest version is 1.9.14
2025-10-04 10:04:44 App is up to date.
2025-10-04 11:04:44 Checking for update using Github
2025-10-04 11:04:45 Success.
2025-10-04 11:04:45 Latest version is 1.9.14
2025-10-04 11:04:45 App is up to date.
2025-10-04 13:39:10 Loading updated app package /home/seth/.config/obsidian/obsidian-1.9.14.asar
2025-10-04 13:39:10 Checking for update using Github
2025-10-04 13:39:10 Success.
2025-10-04 13:39:10 Latest version is 1.9.14
2025-10-04 13:39:10 App is up to date.
2025-10-04 19:24:42 Loading updated app package /home/seth/.config/obsidian/obsidian-1.9.14.asar
2025-10-04 19:24:42 Checking for update using Github
2025-10-04 19:24:42 Success.
2025-10-04 19:24:42 Latest version is 1.9.14
2025-10-04 19:24:42 App is up to date.
2025-10-04 20:24:42 Checking for update using Github
2025-10-04 20:24:42 Success.
2025-10-04 20:24:42 Latest version is 1.9.14
2025-10-04 20:24:42 App is up to date.
2025-10-04 21:24:42 Checking for update using Github
2025-10-04 21:24:42 Success.
2025-10-04 21:24:42 Latest version is 1.9.14
2025-10-04 21:24:42 App is up to date.
2025-10-04 22:24:42 Checking for update using Github
2025-10-04 22:24:42 Success.
2025-10-04 22:24:42 Latest version is 1.9.14
2025-10-04 22:24:42 App is up to date.
2025-10-05 07:09:36 Loading updated app package /home/seth/.config/obsidian/obsidian-1.9.14.asar
2025-10-05 07:09:36 Checking for update using Github
2025-10-05 07:09:37 Success.
2025-10-05 07:09:37 Latest version is 1.9.14
2025-10-05 07:09:37 App is up to date.
2025-10-05 08:09:36 Checking for update using Github
2025-10-05 08:09:36 Success.
2025-10-05 08:09:36 Latest version is 1.9.14
2025-10-05 08:09:36 App is up to date.
2025-10-05 09:09:36 Checking for update using Github
2025-10-05 09:09:36 Success.
2025-10-05 09:09:36 Latest version is 1.9.14
2025-10-05 09:09:36 App is up to date.
2025-10-05 11:46:48 Checking for update using Github
2025-10-05 11:46:49 Success.
2025-10-05 11:46:49 Latest version is 1.9.14
2025-10-05 11:46:49 App is up to date.
2025-10-05 12:46:49 Checking for update using Github
2025-10-05 12:46:49 Success.
2025-10-05 12:46:49 Latest version is 1.9.14
2025-10-05 12:46:49 App is up to date.
2025-10-05 14:51:25 Loading updated app package /home/seth/.config/obsidian/obsidian-1.9.14.asar
2025-10-05 14:51:25 Checking for update using Github
2025-10-05 14:51:25 Success.
2025-10-05 14:51:25 Latest version is 1.9.14
2025-10-05 14:51:25 App is up to date.
2025-10-05 15:51:25 Checking for update using Github
2025-10-05 15:51:25 Success.
2025-10-05 15:51:25 Latest version is 1.9.14
2025-10-05 15:51:25 App is up to date.
2025-10-05 20:11:24 Loading updated app package /home/seth/.config/obsidian/obsidian-1.9.14.asar
2025-10-05 20:11:24 Checking for update using Github
2025-10-05 20:11:24 Success.
2025-10-05 20:11:24 Latest version is 1.9.14
2025-10-05 20:11:24 App is up to date.
2025-10-06 06:18:04 Loading updated app package /home/seth/.config/obsidian/obsidian-1.9.14.asar
2025-10-06 06:18:15 Loading updated app package /home/seth/.config/obsidian/obsidian-1.9.14.asar
2025-10-06 06:18:45 Checking for update using Github
2025-10-06 06:18:45 Success.
2025-10-06 06:18:45 Latest version is 1.9.14
2025-10-06 06:18:45 App is up to date.
2025-10-06 06:19:34 Loading updated app package /home/seth/.config/obsidian/obsidian-1.9.14.asar
2025-10-06 06:19:34 Checking for update using Github
2025-10-06 06:19:34 Success.
2025-10-06 06:19:34 Latest version is 1.9.14
2025-10-06 06:19:34 App is up to date.
2025-10-06 06:38:59 Loading updated app package /home/seth/.config/obsidian/obsidian-1.9.14.asar
2025-10-06 06:38:59 Checking for update using Github
2025-10-06 06:38:59 Success.
2025-10-06 06:38:59 Latest version is 1.9.14
2025-10-06 06:38:59 App is up to date.
2025-10-06 07:33:27 Loading updated app package /home/seth/.config/obsidian/obsidian-1.9.14.asar
2025-10-06 07:33:27 Checking for update using Github
2025-10-06 07:33:27 Success.
2025-10-06 07:33:27 Latest version is 1.9.14
2025-10-06 07:33:27 App is up to date.
2025-10-06 11:05:44 Checking for update using Github
2025-10-06 11:05:44 Success.
2025-10-06 11:05:44 Latest version is 1.9.14
2025-10-06 11:05:44 App is up to date.
2025-10-06 12:09:18 Checking for update using Github
2025-10-06 12:09:18 Success.
2025-10-06 12:09:18 Latest version is 1.9.14
2025-10-06 12:09:18 App is up to date.
2025-10-06 15:19:38 Checking for update using Github
2025-10-06 15:19:38 Success.
2025-10-06 15:19:38 Latest version is 1.9.14
2025-10-06 15:19:38 App is up to date.
2025-10-06 17:21:28 Loading updated app package /home/seth/.config/obsidian/obsidian-1.9.14.asar
2025-10-06 17:21:29 Checking for update using Github
2025-10-06 17:21:29 Success.
2025-10-06 17:21:29 Latest version is 1.9.14
2025-10-06 17:21:29 App is up to date.
2025-10-06 20:45:06 Loading updated app package /home/seth/.config/obsidian/obsidian-1.9.14.asar
2025-10-06 20:45:06 Checking for update using Github
2025-10-06 20:45:06 Success.
2025-10-06 20:45:06 Latest version is 1.9.14
2025-10-06 20:45:06 App is up to date.
2025-10-07 06:37:12 Loading updated app package /home/seth/.config/obsidian/obsidian-1.9.14.asar
2025-10-07 06:37:13 Checking for update using Github
2025-10-07 06:37:13 Success.
2025-10-07 06:37:13 Latest version is 1.9.14
2025-10-07 06:37:13 App is up to date.
2025-10-07 10:56:18 Checking for update using Github
2025-10-07 10:56:18 Success.
2025-10-07 10:56:18 Latest version is 1.9.14
2025-10-07 10:56:18 App is up to date.
2025-10-07 11:58:50 Checking for update using Github
2025-10-07 11:59:01 Success.
2025-10-07 11:59:01 Latest version is 1.9.14
2025-10-07 11:59:01 App is up to date.
2025-10-07 20:32:24 Loading updated app package /home/seth/.config/obsidian/obsidian-1.9.14.asar
2025-10-07 20:32:24 Checking for update using Github
2025-10-07 20:32:24 Success.
2025-10-07 20:32:24 Latest version is 1.9.14
2025-10-07 20:32:24 App is up to date.
2025-10-07 20:57:03 Loading updated app package /home/seth/.config/obsidian/obsidian-1.9.14.asar
2025-10-07 20:57:03 Checking for update using Github
2025-10-07 20:57:03 Success.
2025-10-07 20:57:03 Latest version is 1.9.14
2025-10-07 20:57:03 App is up to date.
2025-10-08 05:52:28 Loading updated app package /home/seth/.config/obsidian/obsidian-1.9.14.asar
2025-10-08 05:52:28 Checking for update using Github
2025-10-08 05:52:28 Success.
2025-10-08 05:52:28 Latest version is 1.9.14
2025-10-08 05:52:28 App is up to date.
2025-10-08 06:05:09 Loading updated app package /home/seth/.config/obsidian/obsidian-1.9.14.asar
2025-10-08 06:05:09 Checking for update using Github
2025-10-08 06:05:09 Success.
2025-10-08 06:05:09 Latest version is 1.9.14
2025-10-08 06:05:09 App is up to date.
2025-10-08 09:15:14 Loading updated app package /home/seth/.config/obsidian/obsidian-1.9.14.asar
2025-10-08 09:15:14 Checking for update using Github
2025-10-08 09:15:14 Success.
2025-10-08 09:15:14 Latest version is 1.9.14
2025-10-08 09:15:14 App is up to date.
2025-10-08 19:05:10 Loading updated app package /home/seth/.config/obsidian/obsidian-1.9.14.asar
2025-10-08 19:05:10 Checking for update using Github
2025-10-08 19:05:10 Success.
2025-10-08 19:05:10 Latest version is 1.9.14
2025-10-08 19:05:10 App is up to date.
2025-10-08 19:56:50 Loading updated app package /home/seth/.config/obsidian/obsidian-1.9.14.asar
2025-10-08 19:56:50 Checking for update using Github
2025-10-08 19:56:50 Success.
2025-10-08 19:56:50 Latest version is 1.9.14
2025-10-08 19:56:50 App is up to date.
2025-10-08 20:56:50 Checking for update using Github
2025-10-08 20:56:50 Success.
2025-10-08 20:56:50 Latest version is 1.9.14
2025-10-08 20:56:50 App is up to date.
2025-10-09 06:09:14 Loading updated app package /home/seth/.config/obsidian/obsidian-1.9.14.asar
2025-10-09 06:09:14 Checking for update using Github
2025-10-09 06:09:14 Success.
2025-10-09 06:09:14 Latest version is 1.9.14
2025-10-09 06:09:14 App is up to date.
2025-10-09 07:39:00 Checking for update using Github
2025-10-09 07:39:00 Success.
2025-10-09 07:39:00 Latest version is 1.9.14
2025-10-09 07:39:00 App is up to date.
2025-10-09 16:40:53 Loading updated app package /home/seth/.config/obsidian/obsidian-1.9.14.asar
2025-10-09 16:40:53 Checking for update using Github
2025-10-09 16:40:54 Success.
2025-10-09 16:40:54 Latest version is 1.9.14
2025-10-09 16:40:54 App is up to date.
2025-10-09 17:40:53 Checking for update using Github
2025-10-09 17:40:53 Success.
2025-10-09 17:40:53 Latest version is 1.9.14
2025-10-09 17:40:53 App is up to date.
2025-10-09 18:40:53 Checking for update using Github
2025-10-09 18:40:53 Success.
2025-10-09 18:40:53 Latest version is 1.9.14
2025-10-09 18:40:53 App is up to date.
2025-10-09 20:26:49 Loading updated app package /home/seth/.config/obsidian/obsidian-1.9.14.asar
2025-10-09 20:26:49 Checking for update using Github
2025-10-09 20:26:49 Success.
2025-10-09 20:26:49 Latest version is 1.9.14
2025-10-09 20:26:49 App is up to date.
2025-10-10 06:18:54 Loading updated app package /home/seth/.config/obsidian/obsidian-1.9.14.asar
2025-10-10 06:18:54 Checking for update using Github
2025-10-10 06:18:54 Success.
2025-10-10 06:18:54 Latest version is 1.9.14
2025-10-10 06:18:54 App is up to date.
2025-10-10 18:43:25 Loading updated app package /home/seth/.config/obsidian/obsidian-1.9.14.asar
2025-10-10 18:43:26 Checking for update using Github
2025-10-10 18:43:26 Success.
2025-10-10 18:43:26 Latest version is 1.9.14
2025-10-10 18:43:26 App is up to date.
2025-10-10 19:43:26 Checking for update using Github
2025-10-10 19:43:26 Success.
2025-10-10 19:43:26 Latest version is 1.9.14
2025-10-10 19:43:26 App is up to date.
2025-10-10 20:43:26 Checking for update using Github
2025-10-10 20:43:26 Success.
2025-10-10 20:43:26 Latest version is 1.9.14
2025-10-10 20:43:26 App is up to date.
2025-10-11 08:52:39 Loading updated app package /home/seth/.config/obsidian/obsidian-1.9.14.asar
2025-10-11 08:52:39 Checking for update using Github
2025-10-11 08:52:39 Success.
2025-10-11 08:52:39 Latest version is 1.9.14
2025-10-11 08:52:39 App is up to date.
2025-10-11 09:52:39 Checking for update using Github
2025-10-11 09:52:39 Success.
2025-10-11 09:52:39 Latest version is 1.9.14
2025-10-11 09:52:39 App is up to date.
2025-10-11 11:27:32 Loading updated app package /home/seth/.config/obsidian/obsidian-1.9.14.asar
2025-10-11 11:27:32 Checking for update using Github
2025-10-11 11:27:32 Success.
2025-10-11 11:27:32 Latest version is 1.9.14
2025-10-11 11:27:32 App is up to date.
2025-10-11 12:27:32 Checking for update using Github
2025-10-11 12:27:32 Success.
2025-10-11 12:27:32 Latest version is 1.9.14
2025-10-11 12:27:32 App is up to date.
2025-10-11 13:00:01 Loading updated app package /home/seth/.config/obsidian/obsidian-1.9.14.asar
2025-10-11 13:00:02 Checking for update using Github
2025-10-11 13:00:02 Success.
2025-10-11 13:00:02 Latest version is 1.9.14
2025-10-11 13:00:02 App is up to date.
2025-10-11 15:41:54 Loading updated app package /home/seth/.config/obsidian/obsidian-1.9.14.asar
2025-10-11 15:41:54 Checking for update using Github
2025-10-11 15:41:55 Success.
2025-10-11 15:41:55 Latest version is 1.9.14
2025-10-11 15:41:55 App is up to date.
2025-10-11 16:41:54 Checking for update using Github
2025-10-11 16:41:54 Success.
2025-10-11 16:41:54 Latest version is 1.9.14
2025-10-11 16:41:54 App is up to date.
2025-10-11 17:41:54 Checking for update using Github
2025-10-11 17:41:54 Success.
2025-10-11 17:41:54 Latest version is 1.9.14
2025-10-11 17:41:54 App is up to date.
2025-10-11 19:09:32 Loading updated app package /home/seth/.config/obsidian/obsidian-1.9.14.asar
2025-10-11 19:09:32 Checking for update using Github
2025-10-11 19:09:33 Success.
2025-10-11 19:09:33 Latest version is 1.9.14
2025-10-11 19:09:33 App is up to date.
2025-10-11 20:39:18 Checking for update using Github
2025-10-11 20:39:18 Success.
2025-10-11 20:39:18 Latest version is 1.9.14
2025-10-11 20:39:18 App is up to date.
2025-10-12 08:33:10 Loading updated app package /home/seth/.config/obsidian/obsidian-1.9.14.asar
2025-10-12 08:33:10 Checking for update using Github
2025-10-12 08:33:10 Success.
2025-10-12 08:33:10 Latest version is 1.9.14
2025-10-12 08:33:10 App is up to date.
2025-10-12 09:33:10 Checking for update using Github
2025-10-12 09:33:10 Success.
2025-10-12 09:33:10 Latest version is 1.9.14
2025-10-12 09:33:10 App is up to date.
2025-10-12 10:33:10 Checking for update using Github
2025-10-12 10:33:10 Success.
2025-10-12 10:33:10 Latest version is 1.9.14
2025-10-12 10:33:10 App is up to date.
2025-10-12 11:33:10 Checking for update using Github
2025-10-12 11:33:10 Success.
2025-10-12 11:33:10 Latest version is 1.9.14
2025-10-12 11:33:10 App is up to date.
2025-10-12 16:42:55 Loading updated app package /home/seth/.config/obsidian/obsidian-1.9.14.asar
2025-10-12 16:42:55 Checking for update using Github
2025-10-12 16:42:55 Success.
2025-10-12 16:42:55 Latest version is 1.9.14
2025-10-12 16:42:55 App is up to date.
2025-10-12 17:42:55 Checking for update using Github
2025-10-12 17:42:55 Success.
2025-10-12 17:42:55 Latest version is 1.9.14
2025-10-12 17:42:55 App is up to date.
2025-10-12 18:42:55 Checking for update using Github
2025-10-12 18:42:55 Success.
2025-10-12 18:42:55 Latest version is 1.9.14
2025-10-12 18:42:55 App is up to date.
2025-10-12 18:49:11 Loading updated app package /home/seth/.config/obsidian/obsidian-1.9.14.asar
2025-10-12 18:49:11 Checking for update using Github
2025-10-12 18:49:11 Success.
2025-10-12 18:49:11 Latest version is 1.9.14
2025-10-12 18:49:11 App is up to date.
2025-10-12 20:34:13 Checking for update using Github
2025-10-12 20:34:13 Success.
2025-10-12 20:34:13 Latest version is 1.9.14
2025-10-12 20:34:13 App is up to date.
2025-10-13 06:46:52 Loading updated app package /home/seth/.config/obsidian/obsidian-1.9.14.asar
2025-10-13 06:46:52 Checking for update using Github
2025-10-13 06:46:52 Success.
2025-10-13 06:46:52 Latest version is 1.9.14
2025-10-13 06:46:52 App is up to date.
2025-10-13 06:52:03 Loading updated app package /home/seth/.config/obsidian/obsidian-1.9.14.asar
2025-10-13 06:52:03 Checking for update using Github
2025-10-13 06:52:04 Success.
2025-10-13 06:52:04 Latest version is 1.9.14
2025-10-13 06:52:04 App is up to date.
2025-10-13 20:01:30 Loading updated app package /home/seth/.config/obsidian/obsidian-1.9.14.asar
2025-10-13 20:01:30 Checking for update using Github
2025-10-13 20:01:30 Success.
2025-10-13 20:01:30 Latest version is 1.9.14
2025-10-13 20:01:30 App is up to date.
2025-10-13 21:01:30 Checking for update using Github
2025-10-13 21:01:30 Success.
2025-10-13 21:01:30 Latest version is 1.9.14
2025-10-13 21:01:30 App is up to date.
2025-10-14 06:13:43 Loading updated app package /home/seth/.config/obsidian/obsidian-1.9.14.asar
2025-10-14 06:13:44 Checking for update using Github
2025-10-14 06:13:44 Success.
2025-10-14 06:13:44 Latest version is 1.9.14
2025-10-14 06:13:44 App is up to date.
2025-10-14 11:36:24 Loading updated app package /home/seth/.config/obsidian/obsidian-1.9.14.asar
2025-10-14 11:36:24 Checking for update using Github
2025-10-14 11:36:24 Success.
2025-10-14 11:36:24 Latest version is 1.9.14
2025-10-14 11:36:24 App is up to date.
2025-10-15 06:23:17 Loading updated app package /home/seth/.config/obsidian/obsidian-1.9.14.asar
2025-10-15 06:23:18 Checking for update using Github
2025-10-15 06:23:18 Success.
2025-10-15 06:23:18 Latest version is 1.9.14
2025-10-15 06:23:18 App is up to date.
2025-10-16 06:36:32 Loading updated app package /home/seth/.config/obsidian/obsidian-1.9.14.asar
2025-10-16 06:36:32 Checking for update using Github
2025-10-16 06:36:33 Success.
2025-10-16 06:36:33 Latest version is 1.9.14
2025-10-16 06:36:33 App is up to date.
2025-10-16 08:07:03 Loading updated app package /home/seth/.config/obsidian/obsidian-1.9.14.asar
2025-10-16 08:07:03 Checking for update using Github
2025-10-16 08:07:04 Success.
2025-10-16 08:07:04 Latest version is 1.9.14
2025-10-16 08:07:04 App is up to date.
2025-10-16 09:07:03 Checking for update using Github
2025-10-16 09:07:03 Success.
2025-10-16 09:07:03 Latest version is 1.9.14
2025-10-16 09:07:03 App is up to date.
2025-10-16 18:50:55 Loading updated app package /home/seth/.config/obsidian/obsidian-1.9.14.asar
2025-10-16 18:50:55 Checking for update using Github
2025-10-16 18:50:56 Success.
2025-10-16 18:50:56 Latest version is 1.9.14
2025-10-16 18:50:56 App is up to date.
2025-10-17 06:28:07 Loading updated app package /home/seth/.config/obsidian/obsidian-1.9.14.asar
2025-10-17 06:28:07 Checking for update using Github
2025-10-17 06:28:07 Success.
2025-10-17 06:28:07 Latest version is 1.9.14
2025-10-17 06:28:07 App is up to date.
2025-10-17 18:01:39 Loading updated app package /home/seth/.config/obsidian/obsidian-1.9.14.asar
2025-10-17 18:01:39 Checking for update using Github
2025-10-17 18:01:39 Success.
2025-10-17 18:01:39 Latest version is 1.9.14
2025-10-17 18:01:39 App is up to date.
2025-10-17 18:20:56 Loading updated app package /home/seth/.config/obsidian/obsidian-1.9.14.asar
2025-10-17 18:20:57 Checking for update using Github
2025-10-17 18:20:57 Success.
2025-10-17 18:20:57 Latest version is 1.9.14
2025-10-17 18:20:57 App is up to date.
2025-10-18 11:45:25 Loading updated app package /home/seth/.config/obsidian/obsidian-1.9.14.asar
2025-10-18 11:45:25 Checking for update using Github
2025-10-18 11:45:25 Success.
2025-10-18 11:45:25 Latest version is 1.9.14
2025-10-18 11:45:25 App is up to date.
2025-10-18 12:45:25 Checking for update using Github
2025-10-18 12:45:25 Success.
2025-10-18 12:45:25 Latest version is 1.9.14
2025-10-18 12:45:25 App is up to date.
2025-10-18 13:45:25 Checking for update using Github
2025-10-18 13:45:25 Success.
2025-10-18 13:45:25 Latest version is 1.9.14
2025-10-18 13:45:25 App is up to date.
2025-10-18 14:44:07 Loading updated app package /home/seth/.config/obsidian/obsidian-1.9.14.asar
2025-10-18 14:44:07 Checking for update using Github
2025-10-18 14:44:07 Success.
2025-10-18 14:44:07 Latest version is 1.9.14
2025-10-18 14:44:07 App is up to date.
2025-10-18 16:55:49 Loading updated app package /home/seth/.config/obsidian/obsidian-1.9.14.asar
2025-10-18 16:55:50 Checking for update using Github
2025-10-18 16:55:50 Success.
2025-10-18 16:55:50 Latest version is 1.9.14
2025-10-18 16:55:50 App is up to date.
2025-10-18 18:55:13 Checking for update using Github
2025-10-18 18:55:13 Success.
2025-10-18 18:55:13 Latest version is 1.9.14
2025-10-18 18:55:13 App is up to date.
2025-10-19 13:49:51 Loading updated app package /home/seth/.config/obsidian/obsidian-1.9.14.asar
2025-10-19 13:49:51 Checking for update using Github
2025-10-19 13:49:51 Success.
2025-10-19 13:49:51 Latest version is 1.9.14
2025-10-19 13:49:51 App is up to date.
2025-10-19 15:14:48 Loading updated app package /home/seth/.config/obsidian/obsidian-1.9.14.asar
2025-10-19 15:14:48 Checking for update using Github
2025-10-19 15:14:48 Success.
2025-10-19 15:14:48 Latest version is 1.9.14
2025-10-19 15:14:48 App is up to date.
2025-10-19 15:19:36 Loading updated app package /home/seth/.config/obsidian/obsidian-1.9.14.asar
2025-10-19 15:19:36 Checking for update using Github
2025-10-19 15:19:36 Success.
2025-10-19 15:19:36 Latest version is 1.9.14
2025-10-19 15:19:36 App is up to date.
2025-10-19 15:27:23 Loading updated app package /home/seth/.config/obsidian/obsidian-1.9.14.asar
2025-10-19 15:27:23 Checking for update using Github
2025-10-19 15:27:23 Success.
2025-10-19 15:27:23 Latest version is 1.9.14
2025-10-19 15:27:23 App is up to date.
2025-10-19 16:27:23 Checking for update using Github
2025-10-19 16:27:23 Success.
2025-10-19 16:27:23 Latest version is 1.9.14
2025-10-19 16:27:23 App is up to date.
2025-10-19 17:27:23 Checking for update using Github
2025-10-19 17:27:23 Success.
2025-10-19 17:27:23 Latest version is 1.9.14
2025-10-19 17:27:23 App is up to date.
2025-10-19 19:21:12 Checking for update using Github
2025-10-19 19:21:12 Success.
2025-10-19 19:21:12 Latest version is 1.9.14
2025-10-19 19:21:12 App is up to date.
2025-10-19 20:21:12 Checking for update using Github
2025-10-19 20:21:12 Success.
2025-10-19 20:21:12 Latest version is 1.9.14
2025-10-19 20:21:12 App is up to date.
2025-10-21 12:26:29 Loading updated app package /home/seth/.config/obsidian/obsidian-1.9.14.asar
2025-10-21 12:26:30 Checking for update using Github
2025-10-21 12:26:30 Success.
2025-10-21 12:26:30 Latest version is 1.9.14
2025-10-21 12:26:30 App is up to date.
2025-10-21 12:27:07 Loading updated app package /home/seth/.config/obsidian/obsidian-1.9.14.asar
2025-10-21 12:27:07 Checking for update using Github
2025-10-21 12:27:07 Success.
2025-10-21 12:27:07 Latest version is 1.9.14
2025-10-21 12:27:07 App is up to date.
2025-10-21 16:48:28 Loading updated app package /home/seth/.config/obsidian/obsidian-1.9.14.asar
2025-10-21 16:48:28 Checking for update using Github
2025-10-21 16:48:28 Success.
2025-10-21 16:48:28 Latest version is 1.9.14
2025-10-21 16:48:28 App is up to date.
2025-10-21 19:41:37 Checking for update using Github
2025-10-21 19:41:37 Success.
2025-10-21 19:41:37 Latest version is 1.9.14
2025-10-21 19:41:37 App is up to date.
2025-10-21 20:41:37 Checking for update using Github
2025-10-21 20:41:37 Success.
2025-10-21 20:41:37 Latest version is 1.9.14
2025-10-21 20:41:37 App is up to date.
2025-10-22 20:17:08 Loading updated app package /home/seth/.config/obsidian/obsidian-1.9.14.asar
2025-10-22 20:17:08 Checking for update using Github
2025-10-22 20:17:08 Success.
2025-10-22 20:17:08 Latest version is 1.9.14
2025-10-22 20:17:08 App is up to date.
2025-10-23 08:19:30 Loading updated app package /home/seth/.config/obsidian/obsidian-1.9.14.asar
2025-10-23 08:19:30 Checking for update using Github
2025-10-23 08:19:30 Success.
2025-10-23 08:19:30 Latest version is 1.9.14
2025-10-23 08:19:30 App is up to date.
2025-10-23 08:19:32 Loading updated app package /home/seth/.config/obsidian/obsidian-1.9.14.asar
2025-10-23 08:19:32 Checking for update using Github
2025-10-23 16:17:40 Loading updated app package /home/seth/.config/obsidian/obsidian-1.9.14.asar
2025-10-23 16:17:41 Checking for update using Github
2025-10-23 16:17:41 Success.
2025-10-23 16:17:41 Latest version is 1.9.14
2025-10-23 16:17:41 App is up to date.
2025-10-23 18:40:12 Checking for update using Github
2025-10-23 18:40:12 Success.
2025-10-23 18:40:12 Latest version is 1.9.14
2025-10-23 18:40:12 App is up to date.
2025-10-23 19:40:12 Checking for update using Github
2025-10-23 19:40:12 Success.
2025-10-23 19:40:12 Latest version is 1.9.14
2025-10-23 19:40:12 App is up to date.
2025-10-24 06:24:57 Loading updated app package /home/seth/.config/obsidian/obsidian-1.9.14.asar
2025-10-24 06:24:58 Checking for update using Github
2025-10-24 06:24:58 Success.
2025-10-24 06:24:58 Latest version is 1.9.14
2025-10-24 06:24:58 App is up to date.
2025-10-24 06:27:59 Loading updated app package /home/seth/.config/obsidian/obsidian-1.9.14.asar
2025-10-24 06:27:59 Checking for update using Github
2025-10-24 06:28:00 Success.
2025-10-24 06:28:00 Latest version is 1.9.14
2025-10-24 06:28:00 App is up to date.
2025-10-24 14:29:38 Checking for update using Github
2025-10-24 14:29:39 Success.
2025-10-24 14:29:39 Latest version is 1.9.14
2025-10-24 14:29:39 App is up to date.
2025-10-24 15:29:39 Checking for update using Github
2025-10-24 15:29:39 Success.
2025-10-24 15:29:39 Latest version is 1.9.14
2025-10-24 15:29:39 App is up to date.
2025-10-24 19:17:59 Loading updated app package /home/seth/.config/obsidian/obsidian-1.9.14.asar
2025-10-24 19:17:59 Checking for update using Github
2025-10-24 19:18:00 Success.
2025-10-24 19:18:00 Latest version is 1.9.14
2025-10-24 19:18:00 App is up to date.
2025-10-24 20:17:59 Checking for update using Github
2025-10-24 20:17:59 Success.
2025-10-24 20:17:59 Latest version is 1.9.14
2025-10-24 20:17:59 App is up to date.
2025-10-25 07:12:30 Loading updated app package /home/seth/.config/obsidian/obsidian-1.9.14.asar
2025-10-25 07:12:30 Checking for update using Github
2025-10-25 07:12:37 Failed to check for update using Github (net::ERR_INTERNET_DISCONNECTED)
2025-10-25 07:12:37 Checking for update using obsidian.md
2025-10-25 07:12:37 Failed to check for update using obsidian.md (net::ERR_INTERNET_DISCONNECTED)
2025-10-25 08:36:47 Checking for update using Github
2025-10-25 08:36:47 Success.
2025-10-25 08:36:47 Latest version is 1.9.14
2025-10-25 08:36:47 App is up to date.
2025-10-25 09:36:47 Checking for update using Github
2025-10-25 09:36:47 Success.
2025-10-25 09:36:47 Latest version is 1.9.14
2025-10-25 09:36:47 App is up to date.
2025-10-25 14:40:46 Loading updated app package /home/seth/.config/obsidian/obsidian-1.9.14.asar
2025-10-25 14:40:46 Checking for update using Github
2025-10-25 14:40:46 Success.
2025-10-25 14:40:46 Latest version is 1.9.14
2025-10-25 14:40:46 App is up to date.
2025-10-25 16:37:40 Checking for update using Github
2025-10-25 16:37:40 Success.
2025-10-25 16:37:41 Latest version is 1.9.14
2025-10-25 16:37:41 App is up to date.
2025-10-25 20:55:48 Loading updated app package /home/seth/.config/obsidian/obsidian-1.9.14.asar
2025-10-25 20:55:48 Checking for update using Github
2025-10-25 20:55:48 Success.
2025-10-25 20:55:48 Latest version is 1.9.14
2025-10-25 20:55:48 App is up to date.
2025-10-25 21:10:54 Loading updated app package /home/seth/.config/obsidian/obsidian-1.9.14.asar
2025-10-25 21:10:55 Checking for update using Github
2025-10-25 21:10:55 Success.
2025-10-25 21:10:55 Latest version is 1.9.14
2025-10-25 21:10:55 App is up to date.
2025-10-26 07:11:53 Loading updated app package /home/seth/.config/obsidian/obsidian-1.9.14.asar
2025-10-26 07:11:54 Checking for update using Github
2025-10-26 07:11:58 Success.
2025-10-26 07:11:58 Latest version is 1.9.14
2025-10-26 07:11:58 App is up to date.
2025-10-26 08:40:06 Checking for update using Github
2025-10-26 08:40:06 Success.
2025-10-26 08:40:06 Latest version is 1.9.14
2025-10-26 08:40:06 App is up to date.
2025-10-26 08:42:59 Loading updated app package /home/seth/.config/obsidian/obsidian-1.9.14.asar
2025-10-26 08:42:59 Checking for update using Github
2025-10-26 08:43:00 Success.
2025-10-26 08:43:00 Latest version is 1.9.14
2025-10-26 08:43:00 App is up to date.
2025-10-26 10:41:26 Loading updated app package /home/seth/.config/obsidian/obsidian-1.9.14.asar
2025-10-26 10:41:26 Checking for update using Github
2025-10-26 10:41:26 Success.
2025-10-26 10:41:26 Latest version is 1.9.14
2025-10-26 10:41:26 App is up to date.
2025-10-26 12:35:15 Loading updated app package /home/seth/.config/obsidian/obsidian-1.9.14.asar
2025-10-26 12:35:15 Checking for update using Github
2025-10-26 12:35:15 Success.
2025-10-26 12:35:15 Latest version is 1.9.14
2025-10-26 12:35:15 App is up to date.
2025-10-26 15:13:22 Loading updated app package /home/seth/.config/obsidian/obsidian-1.9.14.asar
2025-10-26 15:13:22 Checking for update using Github
2025-10-26 15:13:23 Success.
2025-10-26 15:13:23 Latest version is 1.9.14
2025-10-26 15:13:23 App is up to date.
2025-10-26 18:39:37 Loading updated app package /home/seth/.config/obsidian/obsidian-1.9.14.asar
2025-10-26 18:39:37 Checking for update using Github
2025-10-26 18:39:37 Success.
2025-10-26 18:39:37 Latest version is 1.9.14
2025-10-26 18:39:37 App is up to date.
2025-10-26 20:21:34 Loading updated app package /home/seth/.config/obsidian/obsidian-1.9.14.asar
2025-10-26 20:21:35 Checking for update using Github
2025-10-26 20:21:35 Success.
2025-10-26 20:21:35 Latest version is 1.9.14
2025-10-26 20:21:35 App is up to date.
2025-10-26 21:21:34 Checking for update using Github
2025-10-26 21:21:35 Success.
2025-10-26 21:21:35 Latest version is 1.9.14
2025-10-26 21:21:35 App is up to date.
2025-10-27 10:03:10 Loading updated app package /home/seth/.config/obsidian/obsidian-1.9.14.asar
2025-10-27 10:03:11 Checking for update using Github
2025-10-27 10:03:11 Success.
2025-10-27 10:03:11 Latest version is 1.9.14
2025-10-27 10:03:11 App is up to date.
2025-10-27 15:19:26 Loading updated app package /home/seth/.config/obsidian/obsidian-1.9.14.asar
2025-10-27 15:19:26 Checking for update using Github
2025-10-27 15:19:26 Success.
2025-10-27 15:19:26 Latest version is 1.9.14
2025-10-27 15:19:26 App is up to date.
2025-10-27 21:45:48 Loading updated app package /home/seth/.config/obsidian/obsidian-1.9.14.asar
2025-10-27 21:45:48 Checking for update using Github
2025-10-27 21:45:49 Success.
2025-10-27 21:45:49 Latest version is 1.9.14
2025-10-27 21:45:49 App is up to date.
2025-10-27 21:51:12 Loading updated app package /home/seth/.config/obsidian/obsidian-1.9.14.asar
2025-10-27 21:51:12 Checking for update using Github
2025-10-27 21:51:12 Success.
2025-10-27 21:51:12 Latest version is 1.9.14
2025-10-27 21:51:12 App is up to date.
2025-10-28 17:18:56 Loading updated app package /home/seth/.config/obsidian/obsidian-1.9.14.asar
2025-10-28 17:18:56 Checking for update using Github
2025-10-28 17:18:56 Success.
2025-10-28 17:18:56 Latest version is 1.9.14
2025-10-28 17:18:56 App is up to date.
2025-10-28 18:18:56 Checking for update using Github
2025-10-28 18:18:56 Success.
2025-10-28 18:18:56 Latest version is 1.9.14
2025-10-28 18:18:56 App is up to date.
2025-10-29 06:33:43 Loading updated app package /home/seth/.config/obsidian/obsidian-1.9.14.asar
2025-10-29 06:33:43 Checking for update using Github
2025-10-29 06:33:44 Success.
2025-10-29 06:33:44 Latest version is 1.9.14
2025-10-29 06:33:44 App is up to date.
2025-10-29 06:55:58 Loading updated app package /home/seth/.config/obsidian/obsidian-1.9.14.asar
2025-10-29 06:55:58 Checking for update using Github
2025-10-29 06:55:58 Success.
2025-10-29 06:55:58 Latest version is 1.9.14
2025-10-29 06:55:58 App is up to date.
2025-10-29 08:32:29 Checking for update using Github
2025-10-29 08:32:29 Success.
2025-10-29 08:32:29 Latest version is 1.9.14
2025-10-29 08:32:29 App is up to date.
2025-10-29 09:38:50 Checking for update using Github
2025-10-29 09:38:50 Success.
2025-10-29 09:38:50 Latest version is 1.9.14
2025-10-29 09:38:50 App is up to date.
2025-10-29 21:12:17 Checking for update using Github
2025-10-29 21:12:17 Success.
2025-10-29 21:12:17 Latest version is 1.9.14
2025-10-29 21:12:17 App is up to date.
2025-10-30 14:32:47 Loading updated app package /home/seth/.config/obsidian/obsidian-1.9.14.asar
2025-10-30 14:32:48 Checking for update using Github
2025-10-30 14:32:48 Success.
2025-10-30 14:32:48 Latest version is 1.9.14
2025-10-30 14:32:48 App is up to date.
2025-10-30 17:17:01 Loading updated app package /home/seth/.config/obsidian/obsidian-1.9.14.asar
2025-10-30 17:17:01 Checking for update using Github
2025-10-30 17:17:01 Success.
2025-10-30 17:17:01 Latest version is 1.9.14
2025-10-30 17:17:01 App is up to date.
2025-10-30 18:17:01 Checking for update using Github
2025-10-30 18:17:01 Success.
2025-10-30 18:17:01 Latest version is 1.9.14
2025-10-30 18:17:01 App is up to date.
2025-10-30 20:00:08 Checking for update using Github
2025-10-30 20:00:08 Success.
2025-10-30 20:00:08 Latest version is 1.9.14
2025-10-30 20:00:08 App is up to date.
2025-10-30 21:50:00 Loading updated app package /home/seth/.config/obsidian/obsidian-1.9.14.asar
2025-10-30 21:50:00 Checking for update using Github
2025-10-30 21:50:01 Success.
2025-10-30 21:50:01 Latest version is 1.9.14
2025-10-30 21:50:01 App is up to date.
2025-10-31 19:43:39 Loading updated app package /home/seth/.config/obsidian/obsidian-1.9.14.asar
2025-10-31 19:43:39 Checking for update using Github
2025-10-31 19:43:40 Success.
2025-10-31 19:43:40 Latest version is 1.9.14
2025-10-31 19:43:40 App is up to date.
2025-10-31 20:43:39 Checking for update using Github
2025-10-31 20:43:39 Success.
2025-10-31 20:43:39 Latest version is 1.9.14
2025-10-31 20:43:39 App is up to date.
2025-10-31 21:43:39 Checking for update using Github
2025-10-31 21:43:39 Success.
2025-10-31 21:43:39 Latest version is 1.9.14
2025-10-31 21:43:39 App is up to date.
2025-11-01 07:10:23 Checking for update using Github
2025-11-01 07:10:23 Success.
2025-11-01 07:10:23 Latest version is 1.9.14
2025-11-01 07:10:23 App is up to date.
2025-11-01 08:10:23 Checking for update using Github
2025-11-01 08:10:23 Success.
2025-11-01 08:10:23 Latest version is 1.9.14
2025-11-01 08:10:23 App is up to date.
2025-11-01 09:10:23 Checking for update using Github
2025-11-01 09:10:23 Success.
2025-11-01 09:10:23 Latest version is 1.9.14
2025-11-01 09:10:23 App is up to date.
2025-11-01 10:10:23 Checking for update using Github
2025-11-01 10:10:23 Success.
2025-11-01 10:10:23 Latest version is 1.9.14
2025-11-01 10:10:23 App is up to date.
2025-11-01 11:10:23 Checking for update using Github
2025-11-01 11:10:23 Success.
2025-11-01 11:10:23 Latest version is 1.9.14
2025-11-01 11:10:23 App is up to date.
2025-11-01 16:53:19 Loading updated app package /home/seth/.config/obsidian/obsidian-1.9.14.asar
2025-11-01 16:53:19 Checking for update using Github
2025-11-01 16:53:19 Success.
2025-11-01 16:53:19 Latest version is 1.9.14
2025-11-01 16:53:19 App is up to date.
2025-11-01 17:04:32 Loading updated app package /home/seth/.config/obsidian/obsidian-1.9.14.asar
2025-11-01 17:04:32 Checking for update using Github
2025-11-01 17:04:33 Success.
2025-11-01 17:04:33 Latest version is 1.9.14
2025-11-01 17:04:33 App is up to date.
2025-11-02 11:11:57 Loading updated app package /home/seth/.config/obsidian/obsidian-1.9.14.asar
2025-11-02 11:11:57 Checking for update using Github
2025-11-02 11:11:57 Success.
2025-11-02 11:11:57 Latest version is 1.9.14
2025-11-02 11:11:57 App is up to date.
2025-11-02 12:11:57 Checking for update using Github
2025-11-02 12:11:57 Success.
2025-11-02 12:11:57 Latest version is 1.9.14
2025-11-02 12:11:57 App is up to date.
2025-11-02 13:11:57 Checking for update using Github
2025-11-02 13:11:57 Success.
2025-11-02 13:11:57 Latest version is 1.9.14
2025-11-02 13:11:57 App is up to date.
2025-11-02 14:11:57 Checking for update using Github
2025-11-02 14:11:57 Success.
2025-11-02 14:11:57 Latest version is 1.9.14
2025-11-02 14:11:57 App is up to date.
2025-11-02 16:55:26 Checking for update using Github
2025-11-02 16:55:26 Success.
2025-11-02 16:55:26 Latest version is 1.9.14
2025-11-02 16:55:26 App is up to date.
2025-11-02 17:55:26 Checking for update using Github
2025-11-02 17:55:26 Success.
2025-11-02 17:55:26 Latest version is 1.9.14
2025-11-02 17:55:26 App is up to date.
2025-11-02 18:55:26 Checking for update using Github
2025-11-02 18:55:26 Success.
2025-11-02 18:55:26 Latest version is 1.9.14
2025-11-02 18:55:26 App is up to date.
2025-11-02 20:51:33 Checking for update using Github
2025-11-02 20:51:33 Success.
2025-11-02 20:51:33 Latest version is 1.9.14
2025-11-02 20:51:33 App is up to date.
2025-11-02 21:51:33 Checking for update using Github
2025-11-02 21:51:33 Success.
2025-11-02 21:51:33 Latest version is 1.9.14
2025-11-02 21:51:33 App is up to date.
2025-11-03 06:54:33 Checking for update using Github
2025-11-03 06:54:33 Success.
2025-11-03 06:54:33 Latest version is 1.9.14
2025-11-03 06:54:33 App is up to date.
2025-11-03 07:54:33 Checking for update using Github
2025-11-03 07:54:33 Success.
2025-11-03 07:54:33 Latest version is 1.9.14
2025-11-03 07:54:33 App is up to date.
2025-11-03 21:32:40 Loading updated app package /home/seth/.config/obsidian/obsidian-1.9.14.asar
2025-11-03 21:32:41 Checking for update using Github
2025-11-03 21:32:41 Success.
2025-11-03 21:32:41 Latest version is 1.9.14
2025-11-03 21:32:41 App is up to date.
2025-11-04 14:06:18 Loading updated app package /home/seth/.config/obsidian/obsidian-1.9.14.asar
2025-11-04 14:06:18 Checking for update using Github
2025-11-04 14:06:19 Success.
2025-11-04 14:06:19 Latest version is 1.9.14
2025-11-04 14:06:19 App is up to date.
2025-11-04 15:10:58 Checking for update using Github
2025-11-04 15:10:58 Success.
2025-11-04 15:10:58 Latest version is 1.9.14
2025-11-04 15:10:58 App is up to date.
2025-11-04 16:40:35 Checking for update using Github
2025-11-04 16:40:35 Success.
2025-11-04 16:40:35 Latest version is 1.9.14
2025-11-04 16:40:35 App is up to date.
2025-11-04 18:24:43 Checking for update using Github
2025-11-04 18:24:44 Success.
2025-11-04 18:24:44 Latest version is 1.9.14
2025-11-04 18:24:44 App is up to date.
2025-11-04 20:02:10 Checking for update using Github
2025-11-04 20:02:10 Success.
2025-11-04 20:02:10 Latest version is 1.9.14
2025-11-04 20:02:10 App is up to date.
2025-11-04 21:02:10 Checking for update using Github
2025-11-04 21:02:11 Success.
2025-11-04 21:02:11 Latest version is 1.9.14
2025-11-04 21:02:11 App is up to date.
2025-11-05 07:36:00 Loading updated app package /home/seth/.config/obsidian/obsidian-1.9.14.asar
2025-11-05 07:36:01 Checking for update using Github
2025-11-05 07:36:01 Success.
2025-11-05 07:36:01 Latest version is 1.9.14
2025-11-05 07:36:01 App is up to date.
2025-11-05 09:33:53 Checking for update using Github
2025-11-05 09:33:53 Success.
2025-11-05 09:33:53 Latest version is 1.9.14
2025-11-05 09:33:53 App is up to date.
2025-11-05 10:33:53 Checking for update using Github
2025-11-05 10:33:53 Success.
2025-11-05 10:33:53 Latest version is 1.9.14
2025-11-05 10:33:53 App is up to date.
2025-11-05 20:36:00 Loading updated app package /home/seth/.config/obsidian/obsidian-1.9.14.asar
2025-11-05 20:36:01 Checking for update using Github
2025-11-05 20:36:01 Success.
2025-11-05 20:36:01 Latest version is 1.9.14
2025-11-05 20:36:01 App is up to date.
2025-11-05 21:19:29 Loading updated app package /home/seth/.config/obsidian/obsidian-1.9.14.asar
2025-11-05 21:19:29 Checking for update using Github
2025-11-05 21:19:29 Success.
2025-11-05 21:19:29 Latest version is 1.9.14
2025-11-05 21:19:29 App is up to date.
2025-11-06 07:36:22 Loading updated app package /home/seth/.config/obsidian/obsidian-1.9.14.asar
2025-11-06 07:36:22 Checking for update using Github
2025-11-06 07:36:23 Success.
2025-11-06 07:36:23 Latest version is 1.9.14
2025-11-06 07:36:23 App is up to date.
2025-11-06 21:25:12 Loading updated app package /home/seth/.config/obsidian/obsidian-1.9.14.asar
2025-11-06 21:25:13 Checking for update using Github
2025-11-06 21:25:13 Success.
2025-11-06 21:25:13 Latest version is 1.9.14
2025-11-06 21:25:13 App is up to date.
2025-11-06 21:25:18 Loading updated app package /home/seth/.config/obsidian/obsidian-1.9.14.asar
2025-11-06 21:25:18 Checking for update using Github
2025-11-07 07:47:33 Loading updated app package /home/seth/.config/obsidian/obsidian-1.9.14.asar
2025-11-07 07:47:34 Checking for update using Github
2025-11-07 07:47:34 Success.
2025-11-07 07:47:34 Latest version is 1.9.14
2025-11-07 07:47:34 App is up to date.
2025-11-07 14:32:49 Checking for update using Github
2025-11-07 14:32:50 Success.
2025-11-07 14:32:50 Latest version is 1.9.14
2025-11-07 14:32:50 App is up to date.
2025-11-07 21:37:54 Loading updated app package /home/seth/.config/obsidian/obsidian-1.9.14.asar
2025-11-07 21:37:54 Checking for update using Github
2025-11-07 21:37:54 Success.
2025-11-07 21:37:54 Latest version is 1.9.14
2025-11-07 21:37:54 App is up to date.
2025-11-08 08:18:24 Checking for update using Github
2025-11-08 08:18:24 Success.
2025-11-08 08:18:24 Latest version is 1.9.14
2025-11-08 08:18:24 App is up to date.
2025-11-08 08:50:41 Loading updated app package /home/seth/.config/obsidian/obsidian-1.9.14.asar
2025-11-08 08:50:41 Checking for update using Github
2025-11-08 08:50:41 Success.
2025-11-08 08:50:41 Latest version is 1.9.14
2025-11-08 08:50:41 App is up to date.
2025-11-08 22:10:01 Loading updated app package /home/seth/.config/obsidian/obsidian-1.9.14.asar
2025-11-08 22:10:01 Checking for update using Github
2025-11-08 22:10:01 Success.
2025-11-08 22:10:01 Latest version is 1.9.14
2025-11-08 22:10:01 App is up to date.
2025-11-09 07:53:35 Checking for update using Github
2025-11-09 07:53:35 Success.
2025-11-09 07:53:35 Latest version is 1.9.14
2025-11-09 07:53:35 App is up to date.
2025-11-09 08:53:35 Checking for update using Github
2025-11-09 08:53:36 Success.
2025-11-09 08:53:36 Latest version is 1.9.14
2025-11-09 08:53:36 App is up to date.
2025-11-09 11:01:14 Loading updated app package /home/seth/.config/obsidian/obsidian-1.9.14.asar
2025-11-09 11:01:15 Checking for update using Github
2025-11-09 11:14:10 Checking for update using Github
2025-11-09 11:14:10 Success.
2025-11-09 11:14:10 Latest version is 1.9.14
2025-11-09 11:14:10 App is up to date.
2025-11-09 13:35:47 Checking for update using Github
2025-11-09 13:35:48 Success.
2025-11-09 13:35:48 Latest version is 1.9.14
2025-11-09 13:35:48 App is up to date.
2025-11-09 14:35:48 Checking for update using Github
2025-11-09 14:35:48 Success.
2025-11-09 14:35:48 Latest version is 1.9.14
2025-11-09 14:35:48 App is up to date.
2025-11-09 18:50:08 Loading updated app package /home/seth/.config/obsidian/obsidian-1.9.14.asar
2025-11-09 18:50:08 Checking for update using Github
2025-11-09 18:50:09 Success.
2025-11-09 18:50:09 Latest version is 1.9.14
2025-11-09 18:50:09 App is up to date.
2025-11-09 19:50:08 Checking for update using Github
2025-11-09 19:50:08 Success.
2025-11-09 19:50:08 Latest version is 1.9.14
2025-11-09 19:50:08 App is up to date.
2025-11-09 20:50:08 Checking for update using Github
2025-11-09 20:50:09 Success.
2025-11-09 20:50:09 Latest version is 1.9.14
2025-11-09 20:50:09 App is up to date.
2025-11-09 21:50:08 Checking for update using Github
2025-11-09 21:50:09 Success.
2025-11-09 21:50:09 Latest version is 1.9.14
2025-11-09 21:50:09 App is up to date.
2025-11-10 07:25:56 Checking for update using Github
2025-11-10 07:25:56 Success.
2025-11-10 07:25:56 Latest version is 1.9.14
2025-11-10 07:25:56 App is up to date.
2025-11-10 11:53:18 Checking for update using Github
2025-11-10 11:53:18 Success.
2025-11-10 11:53:18 Latest version is 1.9.14
2025-11-10 11:53:18 App is up to date.
2025-11-10 13:00:10 Checking for update using Github
2025-11-10 13:00:10 Success.
2025-11-10 13:00:10 Latest version is 1.9.14
2025-11-10 13:00:10 App is up to date.
2025-11-10 16:39:47 Checking for update using Github
2025-11-10 16:39:47 Success.
2025-11-10 16:39:47 Latest version is 1.9.14
2025-11-10 16:39:47 App is up to date.
2025-11-10 18:24:13 Checking for update using Github
2025-11-10 18:24:13 Success.
2025-11-10 18:24:13 Latest version is 1.9.14
2025-11-10 18:24:13 App is up to date.
2025-11-10 21:39:07 Loading updated app package /home/seth/.config/obsidian/obsidian-1.9.14.asar
2025-11-10 21:39:07 Checking for update using Github
2025-11-10 21:39:07 Success.
2025-11-10 21:39:07 Latest version is 1.9.14
2025-11-10 21:39:07 App is up to date.
2025-11-11 20:04:34 Loading updated app package /home/seth/.config/obsidian/obsidian-1.9.14.asar
2025-11-11 20:04:34 Checking for update using Github
2025-11-11 20:04:34 Success.
2025-11-11 20:04:34 Latest version is 1.10.3
2025-11-11 20:04:34 Downloading update from https://github.com/obsidianmd/obsidian-releases/releases/download/v1.10.3/obsidian-1.10.3.asar.gz
2025-11-11 20:04:35 Verifying hash & signature. Size= 9053948
2025-11-11 20:04:35 Saving file
2025-11-11 20:04:35 Update complete.
2025-11-11 20:49:19 Loading updated app package /home/seth/.config/obsidian/obsidian-1.10.3.asar
2025-11-11 20:49:19 Checking for update using Github
2025-11-11 20:49:19 Success.
2025-11-11 20:49:19 Latest version is 1.10.3
2025-11-11 20:49:19 App is up to date.
2025-11-11 21:25:44 Loading updated app package /home/seth/.config/obsidian/obsidian-1.10.3.asar
2025-11-11 21:25:44 Checking for update using Github
2025-11-11 21:25:44 Success.
2025-11-11 21:25:44 Latest version is 1.10.3
2025-11-11 21:25:44 App is up to date.
2025-11-11 21:42:30 Loading updated app package /home/seth/.config/obsidian/obsidian-1.10.3.asar
2025-11-11 21:42:30 Checking for update using Github
2025-11-11 21:42:30 Success.
2025-11-11 21:42:30 Latest version is 1.10.3
2025-11-11 21:42:30 App is up to date.
2025-11-12 06:44:04 Loading updated app package /home/seth/.config/obsidian/obsidian-1.10.3.asar
2025-11-12 06:44:04 Checking for update using Github
2025-11-12 06:44:05 Success.
2025-11-12 06:44:05 Latest version is 1.10.3
2025-11-12 06:44:05 App is up to date.
2025-11-12 08:31:32 Checking for update using Github
2025-11-12 08:31:32 Failed to check for update using Github (net::ERR_INTERNET_DISCONNECTED)
2025-11-12 08:31:32 Checking for update using obsidian.md
2025-11-12 08:31:32 Failed to check for update using obsidian.md (net::ERR_INTERNET_DISCONNECTED)
2025-11-12 09:06:41 Loading updated app package /home/seth/.config/obsidian/obsidian-1.10.3.asar
2025-11-12 09:06:41 Checking for update using Github
2025-11-12 09:06:41 Success.
2025-11-12 09:06:41 Latest version is 1.10.3
2025-11-12 09:06:41 App is up to date.
2025-11-12 10:06:41 Checking for update using Github
2025-11-12 10:06:41 Success.
2025-11-12 10:06:41 Latest version is 1.10.3
2025-11-12 10:06:41 App is up to date.
2025-11-12 17:30:04 Checking for update using Github
2025-11-12 17:30:04 Success.
2025-11-12 17:30:04 Latest version is 1.10.3
2025-11-12 17:30:04 App is up to date.
2025-11-12 18:21:58 Loading updated app package /home/seth/.config/obsidian/obsidian-1.10.3.asar
2025-11-12 18:21:58 Checking for update using Github
2025-11-12 18:21:58 Success.
2025-11-12 18:21:58 Latest version is 1.10.3
2025-11-12 18:21:58 App is up to date.
2025-11-12 19:21:58 Checking for update using Github
2025-11-12 19:21:58 Success.
2025-11-12 19:21:58 Latest version is 1.10.3
2025-11-12 19:21:58 App is up to date.
2025-11-12 20:56:39 Checking for update using Github
2025-11-12 20:56:39 Success.
2025-11-12 20:56:39 Latest version is 1.10.3
2025-11-12 20:56:39 App is up to date.
2025-11-12 21:56:39 Checking for update using Github
2025-11-12 21:56:39 Success.
2025-11-12 21:56:39 Latest version is 1.10.3
2025-11-12 21:56:39 App is up to date.
2025-11-13 08:38:37 Checking for update using Github
2025-11-13 08:38:38 Success.
2025-11-13 08:38:38 Latest version is 1.10.3
2025-11-13 08:38:38 App is up to date.
2025-11-13 09:43:17 Checking for update using Github
2025-11-13 09:43:25 Success.
2025-11-13 09:43:25 Latest version is 1.10.3
2025-11-13 09:43:25 App is up to date.
2025-11-13 10:43:34 Checking for update using Github
2025-11-13 10:43:35 Success.
2025-11-13 10:43:35 Latest version is 1.10.3
2025-11-13 10:43:35 App is up to date.
2025-11-13 20:39:45 Loading updated app package /home/seth/.config/obsidian/obsidian-1.10.3.asar
2025-11-13 20:39:46 Checking for update using Github
2025-11-13 20:39:46 Success.
2025-11-13 20:39:46 Latest version is 1.10.3
2025-11-13 20:39:46 App is up to date.
2025-11-13 21:39:45 Checking for update using Github
2025-11-13 21:39:46 Success.
2025-11-13 21:39:46 Latest version is 1.10.3
2025-11-13 21:39:46 App is up to date.
2025-11-14 07:39:08 Checking for update using Github
2025-11-14 07:39:09 Success.
2025-11-14 07:39:09 Latest version is 1.10.3
2025-11-14 07:39:09 App is up to date.
2025-11-14 14:26:49 Checking for update using Github
2025-11-14 14:26:50 Success.
2025-11-14 14:26:50 Latest version is 1.10.3
2025-11-14 14:26:50 App is up to date.
2025-11-14 15:43:31 Checking for update using Github
2025-11-14 15:43:31 Success.
2025-11-14 15:43:31 Latest version is 1.10.3
2025-11-14 15:43:31 App is up to date.
2025-11-14 18:48:14 Checking for update using Github
2025-11-14 18:48:14 Success.
2025-11-14 18:48:14 Latest version is 1.10.3
2025-11-14 18:48:14 App is up to date.
2025-11-14 21:07:34 Loading updated app package /home/seth/.config/obsidian/obsidian-1.10.3.asar
2025-11-14 21:07:34 Checking for update using Github
2025-11-14 21:07:34 Success.
2025-11-14 21:07:34 Latest version is 1.10.3
2025-11-14 21:07:34 App is up to date.
2025-11-14 22:07:34 Checking for update using Github
2025-11-14 22:07:34 Success.
2025-11-14 22:07:34 Latest version is 1.10.3
2025-11-14 22:07:34 App is up to date.
2025-11-15 08:18:23 Checking for update using Github
2025-11-15 08:18:23 Success.
2025-11-15 08:18:23 Latest version is 1.10.3
2025-11-15 08:18:23 App is up to date.
2025-11-15 09:18:23 Checking for update using Github
2025-11-15 09:18:23 Success.
2025-11-15 09:18:23 Latest version is 1.10.3
2025-11-15 09:18:23 App is up to date.
2025-11-15 10:18:23 Checking for update using Github
2025-11-15 10:18:23 Success.
2025-11-15 10:18:23 Latest version is 1.10.3
2025-11-15 10:18:23 App is up to date.
2025-11-15 13:04:29 Checking for update using Github
2025-11-15 13:04:29 Success.
2025-11-15 13:04:29 Latest version is 1.10.3
2025-11-15 13:04:29 App is up to date.
2025-11-15 17:44:00 Checking for update using Github
2025-11-15 17:44:00 Success.
2025-11-15 17:44:00 Latest version is 1.10.3
2025-11-15 17:44:00 App is up to date.
2025-11-15 18:44:00 Checking for update using Github
2025-11-15 18:44:00 Success.
2025-11-15 18:44:00 Latest version is 1.10.3
2025-11-15 18:44:00 App is up to date.
2025-11-15 19:44:00 Checking for update using Github
2025-11-15 19:44:01 Success.
2025-11-15 19:44:01 Latest version is 1.10.3
2025-11-15 19:44:01 App is up to date.
2025-11-15 21:08:55 Checking for update using Github
2025-11-15 21:08:55 Success.
2025-11-15 21:08:55 Latest version is 1.10.3
2025-11-15 21:08:55 App is up to date.
2025-11-15 22:08:55 Checking for update using Github
2025-11-15 22:08:55 Success.
2025-11-15 22:08:55 Latest version is 1.10.3
2025-11-15 22:08:55 App is up to date.
2025-11-16 07:08:07 Loading updated app package /home/seth/.config/obsidian/obsidian-1.10.3.asar
2025-11-16 07:08:07 Checking for update using Github
2025-11-16 07:08:08 Success.
2025-11-16 07:08:08 Latest version is 1.10.3
2025-11-16 07:08:08 App is up to date.
2025-11-16 08:08:07 Checking for update using Github
2025-11-16 08:08:07 Success.
2025-11-16 08:08:07 Latest version is 1.10.3
2025-11-16 08:08:07 App is up to date.
2025-11-16 09:08:07 Checking for update using Github
2025-11-16 09:08:09 Success.
2025-11-16 09:08:09 Latest version is 1.10.3
2025-11-16 09:08:09 App is up to date.
2025-11-16 10:08:07 Checking for update using Github
2025-11-16 10:08:08 Success.
2025-11-16 10:08:08 Latest version is 1.10.3
2025-11-16 10:08:08 App is up to date.
2025-11-16 11:08:07 Checking for update using Github
2025-11-16 11:08:07 Success.
2025-11-16 11:08:07 Latest version is 1.10.3
2025-11-16 11:08:07 App is up to date.
2025-11-16 14:02:26 Checking for update using Github
2025-11-16 14:02:27 Success.
2025-11-16 14:02:27 Latest version is 1.10.3
2025-11-16 14:02:27 App is up to date.
2025-11-16 15:30:55 Checking for update using Github
2025-11-16 15:30:55 Success.
2025-11-16 15:30:55 Latest version is 1.10.3
2025-11-16 15:30:55 App is up to date.
2025-11-16 16:30:55 Checking for update using Github
2025-11-16 16:30:55 Success.
2025-11-16 16:30:55 Latest version is 1.10.3
2025-11-16 16:30:55 App is up to date.
2025-11-16 17:30:55 Checking for update using Github
2025-11-16 17:30:55 Success.
2025-11-16 17:30:55 Latest version is 1.10.3
2025-11-16 17:30:55 App is up to date.
2025-11-16 18:30:55 Checking for update using Github
2025-11-16 18:30:55 Success.
2025-11-16 18:30:55 Latest version is 1.10.3
2025-11-16 18:30:55 App is up to date.
2025-11-16 19:30:55 Checking for update using Github
2025-11-16 19:30:55 Success.
2025-11-16 19:30:55 Latest version is 1.10.3
2025-11-16 19:30:55 App is up to date.
2025-11-16 20:30:55 Checking for update using Github
2025-11-16 20:30:55 Success.
2025-11-16 20:30:55 Latest version is 1.10.3
2025-11-16 20:30:55 App is up to date.
2025-11-16 21:30:55 Checking for update using Github
2025-11-16 21:30:55 Success.
2025-11-16 21:30:55 Latest version is 1.10.3
2025-11-16 21:30:55 App is up to date.
2025-11-17 07:34:47 Loading updated app package /home/seth/.config/obsidian/obsidian-1.10.3.asar
2025-11-17 07:34:47 Checking for update using Github
2025-11-17 07:34:47 Success.
2025-11-17 07:34:47 Latest version is 1.10.3
2025-11-17 07:34:47 App is up to date.
2025-11-17 12:06:05 Checking for update using Github
2025-11-17 12:06:05 Success.
2025-11-17 12:06:05 Latest version is 1.10.3
2025-11-17 12:06:05 App is up to date.
2025-11-17 13:06:05 Checking for update using Github
2025-11-17 13:06:05 Success.
2025-11-17 13:06:05 Latest version is 1.10.3
2025-11-17 13:06:05 App is up to date.
2025-11-17 17:37:32 Checking for update using Github
2025-11-17 17:37:32 Success.
2025-11-17 17:37:32 Latest version is 1.10.3
2025-11-17 17:37:32 App is up to date.
2025-11-17 18:37:32 Checking for update using Github
2025-11-17 18:37:32 Success.
2025-11-17 18:37:32 Latest version is 1.10.3
2025-11-17 18:37:32 App is up to date.
2025-11-17 20:56:28 Checking for update using Github
2025-11-17 20:56:28 Success.
2025-11-17 20:56:28 Latest version is 1.10.3
2025-11-17 20:56:28 App is up to date.
2025-11-17 21:56:28 Checking for update using Github
2025-11-17 21:56:28 Success.
2025-11-17 21:56:28 Latest version is 1.10.3
2025-11-17 21:56:28 App is up to date.
2025-11-18 11:39:41 Checking for update using Github
2025-11-18 11:39:41 Success.
2025-11-18 11:39:41 Latest version is 1.10.3
2025-11-18 11:39:41 App is up to date.
2025-11-18 12:46:49 Checking for update using Github
2025-11-18 12:47:00 Failed to check for update using Github (net::ERR_CONNECTION_RESET)
2025-11-18 12:47:00 Checking for update using obsidian.md
2025-11-18 12:47:06 Failed to check for update using obsidian.md (Unexpected token 'e', "error code: 500" is not valid JSON)
2025-11-18 15:53:20 Checking for update using Github
2025-11-18 15:53:20 Success.
2025-11-18 15:53:20 Latest version is 1.10.3
2025-11-18 15:53:20 App is up to date.
2025-11-18 17:49:09 Checking for update using Github
2025-11-18 17:49:09 Success.
2025-11-18 17:49:09 Latest version is 1.10.3
2025-11-18 17:49:09 App is up to date.
2025-11-18 19:41:50 Checking for update using Github
2025-11-18 19:41:50 Success.
2025-11-18 19:41:50 Latest version is 1.10.3
2025-11-18 19:41:50 App is up to date.
2025-11-18 20:41:50 Checking for update using Github
2025-11-18 20:41:50 Failed to check for update using Github (Unexpected non-whitespace character after JSON at position 3 (line 1 column 4))
2025-11-18 20:41:50 Checking for update using obsidian.md
2025-11-18 20:41:51 Failed to check for update using obsidian.md (Unexpected end of JSON input)
2025-11-18 21:20:11 Loading updated app package /home/seth/.config/obsidian/obsidian-1.10.3.asar
2025-11-18 21:20:11 Checking for update using Github
2025-11-18 21:20:11 Failed to check for update using Github (Unexpected non-whitespace character after JSON at position 3 (line 1 column 4))
2025-11-18 21:20:11 Checking for update using obsidian.md
2025-11-18 21:20:12 Failed to check for update using obsidian.md (Unexpected end of JSON input)
2025-11-19 06:56:06 Checking for update using Github
2025-11-19 06:56:06 Success.
2025-11-19 06:56:06 Latest version is 1.10.3
2025-11-19 06:56:06 App is up to date.
2025-11-19 08:56:12 Checking for update using Github
2025-11-19 08:56:12 Success.
2025-11-19 08:56:12 Latest version is 1.10.3
2025-11-19 08:56:12 App is up to date.
2025-11-19 15:38:35 Checking for update using Github
2025-11-19 15:38:35 Success.
2025-11-19 15:38:35 Latest version is 1.10.3
2025-11-19 15:38:35 App is up to date.
2025-11-19 16:35:31 Loading updated app package /home/seth/.config/obsidian/obsidian-1.10.3.asar
2025-11-19 16:35:31 Checking for update using Github
2025-11-19 16:35:31 Success.
2025-11-19 16:35:31 Latest version is 1.10.3
2025-11-19 16:35:31 App is up to date.
2025-11-19 18:33:31 Checking for update using Github
2025-11-19 18:33:32 Success.
2025-11-19 18:33:32 Latest version is 1.10.3
2025-11-19 18:33:32 App is up to date.
2025-11-19 20:39:36 Checking for update using Github
2025-11-19 20:39:37 Success.
2025-11-19 20:39:37 Latest version is 1.10.3
2025-11-19 20:39:37 App is up to date.
2025-11-20 07:21:38 Checking for update using Github
2025-11-20 07:21:38 Success.
2025-11-20 07:21:38 Latest version is 1.10.3
2025-11-20 07:21:38 App is up to date.
2025-11-20 09:26:04 Checking for update using Github
2025-11-20 15:35:13 Loading updated app package /home/seth/.config/obsidian/obsidian-1.10.3.asar
2025-11-20 15:35:14 Checking for update using Github
2025-11-20 15:35:14 Success.
2025-11-20 15:35:14 Latest version is 1.10.3
2025-11-20 15:35:14 App is up to date.
2025-11-20 16:35:14 Checking for update using Github
2025-11-20 16:35:14 Success.
2025-11-20 16:35:14 Latest version is 1.10.3
2025-11-20 16:35:14 App is up to date.
2025-11-20 18:19:01 Checking for update using Github
2025-11-20 18:19:02 Success.
2025-11-20 18:19:02 Latest version is 1.10.3
2025-11-20 18:19:02 App is up to date.
2025-11-20 20:04:51 Checking for update using Github
2025-11-20 20:04:51 Success.
2025-11-20 20:04:51 Latest version is 1.10.3
2025-11-20 20:04:51 App is up to date.
2025-11-20 21:04:51 Checking for update using Github
2025-11-20 21:04:51 Success.
2025-11-20 21:04:51 Latest version is 1.10.3
2025-11-20 21:04:51 App is up to date.
2025-11-21 07:01:34 Checking for update using Github
2025-11-21 07:01:34 Success.
2025-11-21 07:01:34 Latest version is 1.10.3
2025-11-21 07:01:34 App is up to date.
2025-11-21 14:01:57 Checking for update using Github
2025-11-21 14:01:57 Success.
2025-11-21 14:01:57 Latest version is 1.10.3
2025-11-21 14:01:57 App is up to date.
2025-11-21 15:46:38 Checking for update using Github
2025-11-21 15:46:38 Success.
2025-11-21 15:46:38 Latest version is 1.10.3
2025-11-21 15:46:38 App is up to date.
2025-11-21 17:45:56 Checking for update using Github
2025-11-21 17:45:56 Success.
2025-11-21 17:45:56 Latest version is 1.10.3
2025-11-21 17:45:56 App is up to date.
2025-11-21 23:18:54 Checking for update using Github
2025-11-21 23:18:54 Success.
2025-11-21 23:18:54 Latest version is 1.10.3
2025-11-21 23:18:54 App is up to date.
2025-11-22 10:27:59 Checking for update using Github
2025-11-22 10:27:59 Success.
2025-11-22 10:27:59 Latest version is 1.10.3
2025-11-22 10:27:59 App is up to date.
2025-11-22 11:27:59 Checking for update using Github
2025-11-22 11:27:59 Success.
2025-11-22 11:27:59 Latest version is 1.10.3
2025-11-22 11:27:59 App is up to date.
2025-11-22 12:27:59 Checking for update using Github
2025-11-22 12:27:59 Success.
2025-11-22 12:27:59 Latest version is 1.10.3
2025-11-22 12:27:59 App is up to date.
2025-11-22 13:27:59 Checking for update using Github
2025-11-22 13:27:59 Success.
2025-11-22 13:27:59 Latest version is 1.10.3
2025-11-22 13:27:59 App is up to date.
2025-11-22 15:21:23 Checking for update using Github
2025-11-22 15:21:23 Success.
2025-11-22 15:21:23 Latest version is 1.10.3
2025-11-22 15:21:23 App is up to date.
2025-11-22 17:15:41 Checking for update using Github
2025-11-22 17:15:41 Success.
2025-11-22 17:15:41 Latest version is 1.10.3
2025-11-22 17:15:41 App is up to date.
2025-11-22 18:15:41 Checking for update using Github
2025-11-22 18:15:41 Success.
2025-11-22 18:15:41 Latest version is 1.10.3
2025-11-22 18:15:41 App is up to date.
2025-11-22 21:18:41 Checking for update using Github
2025-11-22 21:18:41 Success.
2025-11-22 21:18:41 Latest version is 1.10.3
2025-11-22 21:18:41 App is up to date.
2025-11-23 07:02:42 Checking for update using Github
2025-11-23 07:02:42 Success.
2025-11-23 07:02:42 Latest version is 1.10.3
2025-11-23 07:02:42 App is up to date.
2025-11-23 08:02:42 Checking for update using Github
2025-11-23 08:02:42 Success.
2025-11-23 08:02:42 Latest version is 1.10.3
2025-11-23 08:02:42 App is up to date.
2025-11-23 09:02:42 Checking for update using Github
2025-11-23 09:02:42 Success.
2025-11-23 09:02:42 Latest version is 1.10.3
2025-11-23 09:02:42 App is up to date.
2025-11-23 10:02:42 Checking for update using Github
2025-11-23 10:02:43 Success.
2025-11-23 10:02:43 Latest version is 1.10.3
2025-11-23 10:02:43 App is up to date.
2025-11-23 11:02:42 Checking for update using Github
2025-11-23 11:02:43 Success.
2025-11-23 11:02:43 Latest version is 1.10.3
2025-11-23 11:02:43 App is up to date.
2025-11-23 12:02:42 Checking for update using Github
2025-11-23 12:02:43 Success.
2025-11-23 12:02:43 Latest version is 1.10.3
2025-11-23 12:02:43 App is up to date.
2025-11-23 13:02:42 Checking for update using Github
2025-11-23 13:02:43 Success.
2025-11-23 13:02:43 Latest version is 1.10.3
2025-11-23 13:02:43 App is up to date.
2025-11-23 17:04:43 Loading updated app package /home/seth/.config/obsidian/obsidian-1.10.3.asar
2025-11-23 17:04:43 Checking for update using Github
2025-11-23 17:04:43 Success.
2025-11-23 17:04:43 Latest version is 1.10.3
2025-11-23 17:04:43 App is up to date.
2025-11-23 18:04:43 Checking for update using Github
2025-11-23 18:04:43 Success.
2025-11-23 18:04:43 Latest version is 1.10.3
2025-11-23 18:04:43 App is up to date.
2025-11-23 20:08:03 Checking for update using Github
2025-11-23 20:08:03 Success.
2025-11-23 20:08:03 Latest version is 1.10.3
2025-11-23 20:08:03 App is up to date.
2025-11-23 21:08:03 Checking for update using Github
2025-11-23 21:08:04 Success.
2025-11-23 21:08:04 Latest version is 1.10.3
2025-11-23 21:08:04 App is up to date.
2025-11-24 07:31:41 Checking for update using Github
2025-11-24 07:31:41 Success.
2025-11-24 07:31:41 Latest version is 1.10.3
2025-11-24 07:31:41 App is up to date.
2025-11-24 20:05:16 Loading updated app package /home/seth/.config/obsidian/obsidian-1.10.3.asar
2025-11-24 20:05:16 Checking for update using Github
2025-11-24 20:05:17 Success.
2025-11-24 20:05:17 Latest version is 1.10.3
2025-11-24 20:05:17 App is up to date.
2025-11-24 21:14:20 Checking for update using Github
2025-11-24 21:14:21 Success.
2025-11-24 21:14:21 Latest version is 1.10.3
2025-11-24 21:14:21 App is up to date.
2025-11-24 22:14:20 Checking for update using Github
2025-11-24 22:14:21 Success.
2025-11-24 22:14:21 Latest version is 1.10.3
2025-11-24 22:14:21 App is up to date.
2025-11-25 07:35:59 Checking for update using Github
2025-11-25 07:36:00 Success.
2025-11-25 07:36:00 Latest version is 1.10.3
2025-11-25 07:36:00 App is up to date.
