    OpenRGB v0.9+ (1.0rc2)
    Commit: 0fca93e4544f943d4d7ec8073dba4e47c18ef54b from 2025-09-14 14:31:57 -0500
    Launched: 20251109_221741
====================================================================================================

52    |Info:    [ResourceManager] Initializing HID interfaces: Success
52    |Info:    ------------------------------------------------------
52    |Info:    |               Start device detection               |
52    |Info:    ------------------------------------------------------
53    |Info:    ------------------------------------------------------
53    |Info:    |             Detecting I2C interfaces               |
53    |Info:    ------------------------------------------------------
53    |Info:    [ResourceManager] Registering I2C interface: /dev/i2c-3 Device 8086:7D55 Subsystem: 1462:140D
53    |Info:    [ResourceManager] Registering I2C interface: /dev/i2c-10 Device 8086:7D55 Subsystem: 1462:140D
53    |Info:    [ResourceManager] Registering I2C interface: /dev/i2c-1 Device 8086:7E22 Subsystem: 1462:140D
53    |Info:    [ResourceManager] Registering I2C interface: /dev/i2c-8 Device 8086:7D55 Subsystem: 1462:140D
53    |Info:    [ResourceManager] Registering I2C interface: /dev/i2c-PNP0C50:00 Device 0000:0000 Subsystem: 0000:0000
53    |Info:    [ResourceManager] Registering I2C interface: /dev/i2c-6 Device 8086:7D55 Subsystem: 1462:140D
53    |Info:    [ResourceManager] Registering I2C interface: /dev/i2c-4 Device 8086:7D55 Subsystem: 1462:140D
54    |Warning: [i2c_smbus_linux] Failed to read i2c device PCI device ID
54    |Info:    [ResourceManager] Registering I2C interface: /dev/i2c-11 Device 0000:0000 Subsystem: 0000:0000
54    |Info:    [ResourceManager] Registering I2C interface: /dev/i2c-2 Device 8086:7D55 Subsystem: 1462:140D
54    |Info:    [ResourceManager] Registering I2C interface: /dev/i2c-0 Device 0000:0000 Subsystem: 0000:0000
54    |Info:    [ResourceManager] Registering I2C interface: /dev/i2c-9 Device 8086:7D55 Subsystem: 1462:140D
54    |Info:    [ResourceManager] Registering I2C interface: /dev/i2c-7 Device 8086:7D55 Subsystem: 1462:140D
54    |Info:    [ResourceManager] Registering I2C interface: /dev/i2c-5 Device 8086:7D55 Subsystem: 1462:140D
54    |Info:    ------------------------------------------------------
54    |Info:    |               Detecting I2C devices                |
54    |Info:    ------------------------------------------------------
83    |Info:    ------------------------------------------------------
83    |Info:    |            Detecting I2C DIMM modules              |
83    |Info:    ------------------------------------------------------
83    |Info:    ------------------------------------------------------
83    |Info:    |               Detecting I2C PCI devices            |
83    |Info:    ------------------------------------------------------
84    |Info:    ------------------------------------------------------
84    |Info:    |               Detecting HID devices                |
84    |Info:    ------------------------------------------------------
230   |Info:    [MSI MysticLight MS-1565] Registering RGB controller
230   |Info:    ------------------------------------------------------
230   |Info:    |            Detecting libusb HID devices            |
230   |Info:    ------------------------------------------------------
230   |Info:    ------------------------------------------------------
230   |Info:    |              Detecting other devices               |
230   |Info:    ------------------------------------------------------
236   |Info:    [ResourceManager] Calling Post-detection callbacks
236   |Info:    ------------------------------------------------------
236   |Info:    |                Detection completed                 |
236   |Info:    ------------------------------------------------------
236   |Dialog:  <h2>Some internal devices may not be detected:</h2><p>One or more I2C or SMBus interfaces failed to initialize.</p><p><b>RGB DRAM modules, some motherboards' onboard RGB lighting, and RGB Graphics Cards, will not be available in OpenRGB</b> without I2C or SMBus.</p><h4>How to fix this:</h4><p>On Linux, this is usually because the i2c-dev module is not loaded.</p><p>You must load the i2c-dev module along with the correct i2c driver for your motherboard. This is usually i2c-piix4 for AMD systems and i2c-i801 for Intel systems.</p><p>See <a href='https://help.openrgb.org/'>help.openrgb.org</a> for additional troubleshooting steps if you keep seeing this message.<br></p><h3>If you are not using internal RGB on a desktop this message is not important to you.</h3>
19234 |Info:    [ResourceManager] Initializing HID interfaces: Success
19234 |Info:    ------------------------------------------------------
19234 |Info:    |               Start device detection               |
19234 |Info:    ------------------------------------------------------
19235 |Info:    ------------------------------------------------------
19235 |Info:    |             Detecting I2C interfaces               |
19235 |Info:    ------------------------------------------------------
19236 |Info:    [ResourceManager] Registering I2C interface: /dev/i2c-3 Device 8086:7D55 Subsystem: 1462:140D
19236 |Info:    [ResourceManager] Registering I2C interface: /dev/i2c-10 Device 8086:7D55 Subsystem: 1462:140D
19236 |Info:    [ResourceManager] Registering I2C interface: /dev/i2c-1 Device 8086:7E22 Subsystem: 1462:140D
19236 |Info:    [ResourceManager] Registering I2C interface: /dev/i2c-8 Device 8086:7D55 Subsystem: 1462:140D
19236 |Info:    [ResourceManager] Registering I2C interface: /dev/i2c-PNP0C50:00 Device 0000:0000 Subsystem: 0000:0000
19236 |Info:    [ResourceManager] Registering I2C interface: /dev/i2c-6 Device 8086:7D55 Subsystem: 1462:140D
19236 |Info:    [ResourceManager] Registering I2C interface: /dev/i2c-4 Device 8086:7D55 Subsystem: 1462:140D
19236 |Warning: [i2c_smbus_linux] Failed to read i2c device PCI device ID
19236 |Info:    [ResourceManager] Registering I2C interface: /dev/i2c-11 Device 0000:0000 Subsystem: 0000:0000
19236 |Info:    [ResourceManager] Registering I2C interface: /dev/i2c-2 Device 8086:7D55 Subsystem: 1462:140D
19236 |Info:    [ResourceManager] Registering I2C interface: /dev/i2c-0 Device 0000:0000 Subsystem: 0000:0000
19236 |Info:    [ResourceManager] Registering I2C interface: /dev/i2c-9 Device 8086:7D55 Subsystem: 1462:140D
19236 |Info:    [ResourceManager] Registering I2C interface: /dev/i2c-7 Device 8086:7D55 Subsystem: 1462:140D
19236 |Info:    [ResourceManager] Registering I2C interface: /dev/i2c-5 Device 8086:7D55 Subsystem: 1462:140D
19236 |Info:    ------------------------------------------------------
19236 |Info:    |               Detecting I2C devices                |
19236 |Info:    ------------------------------------------------------
19252 |Info:    ------------------------------------------------------
19252 |Info:    |            Detecting I2C DIMM modules              |
19252 |Info:    ------------------------------------------------------
19252 |Info:    ------------------------------------------------------
19252 |Info:    |               Detecting I2C PCI devices            |
19252 |Info:    ------------------------------------------------------
19254 |Info:    ------------------------------------------------------
19254 |Info:    |               Detecting HID devices                |
19254 |Info:    ------------------------------------------------------
19305 |Info:    [MSI MysticLight MS-1565] Registering RGB controller
19305 |Info:    ------------------------------------------------------
19305 |Info:    |            Detecting libusb HID devices            |
19305 |Info:    ------------------------------------------------------
19305 |Info:    ------------------------------------------------------
19305 |Info:    |              Detecting other devices               |
19305 |Info:    ------------------------------------------------------
19308 |Info:    [ResourceManager] Calling Post-detection callbacks
19308 |Info:    ------------------------------------------------------
19308 |Info:    |                Detection completed                 |
19308 |Info:    ------------------------------------------------------
19308 |Dialog:  <h2>Some internal devices may not be detected:</h2><p>One or more I2C or SMBus interfaces failed to initialize.</p><p><b>RGB DRAM modules, some motherboards' onboard RGB lighting, and RGB Graphics Cards, will not be available in OpenRGB</b> without I2C or SMBus.</p><h4>How to fix this:</h4><p>On Linux, this is usually because the i2c-dev module is not loaded.</p><p>You must load the i2c-dev module along with the correct i2c driver for your motherboard. This is usually i2c-piix4 for AMD systems and i2c-i801 for Intel systems.</p><p>See <a href='https://help.openrgb.org/'>help.openrgb.org</a> for additional troubleshooting steps if you keep seeing this message.<br></p><h3>If you are not using internal RGB on a desktop this message is not important to you.</h3>
