    OpenRGB v0.9+ (1.0rc2)
    Commit: 0fca93e4544f943d4d7ec8073dba4e47c18ef54b from 2025-09-14 14:31:57 -0500
    Launched: 20251110_065419
====================================================================================================

54    |Info:    [ResourceManager] Initializing HID interfaces: Success
54    |Info:    ------------------------------------------------------
54    |Info:    |               Start device detection               |
54    |Info:    ------------------------------------------------------
58    |Info:    ------------------------------------------------------
58    |Info:    |             Detecting I2C interfaces               |
58    |Info:    ------------------------------------------------------
58    |Info:    [ResourceManager] Registering I2C interface: /dev/i2c-3 Device 8086:7D55 Subsystem: 1462:140D
58    |Info:    [ResourceManager] Registering I2C interface: /dev/i2c-10 Device 8086:7D55 Subsystem: 1462:140D
58    |Info:    [ResourceManager] Registering I2C interface: /dev/i2c-1 Device 8086:7E22 Subsystem: 1462:140D
58    |Info:    [ResourceManager] Registering I2C interface: /dev/i2c-8 Device 8086:7D55 Subsystem: 1462:140D
58    |Info:    [ResourceManager] Registering I2C interface: /dev/i2c-PNP0C50:00 Device 0000:0000 Subsystem: 0000:0000
58    |Info:    [ResourceManager] Registering I2C interface: /dev/i2c-6 Device 8086:7D55 Subsystem: 1462:140D
58    |Info:    [ResourceManager] Registering I2C interface: /dev/i2c-4 Device 8086:7D55 Subsystem: 1462:140D
58    |Warning: [i2c_smbus_linux] Failed to read i2c device PCI device ID
58    |Info:    [ResourceManager] Registering I2C interface: /dev/i2c-11 Device 0000:0000 Subsystem: 0000:0000
58    |Info:    [ResourceManager] Registering I2C interface: /dev/i2c-2 Device 8086:7D55 Subsystem: 1462:140D
58    |Info:    [ResourceManager] Registering I2C interface: /dev/i2c-0 Device 0000:0000 Subsystem: 0000:0000
58    |Info:    [ResourceManager] Registering I2C interface: /dev/i2c-9 Device 8086:7D55 Subsystem: 1462:140D
59    |Info:    [ResourceManager] Registering I2C interface: /dev/i2c-7 Device 8086:7D55 Subsystem: 1462:140D
59    |Info:    [ResourceManager] Registering I2C interface: /dev/i2c-5 Device 8086:7D55 Subsystem: 1462:140D
59    |Info:    ------------------------------------------------------
59    |Info:    |               Detecting I2C devices                |
59    |Info:    ------------------------------------------------------
86    |Info:    ------------------------------------------------------
86    |Info:    |            Detecting I2C DIMM modules              |
86    |Info:    ------------------------------------------------------
86    |Info:    ------------------------------------------------------
86    |Info:    |               Detecting I2C PCI devices            |
86    |Info:    ------------------------------------------------------
88    |Info:    ------------------------------------------------------
88    |Info:    |               Detecting HID devices                |
88    |Info:    ------------------------------------------------------
232   |Info:    [MSI MysticLight MS-1565] Registering RGB controller
232   |Info:    ------------------------------------------------------
232   |Info:    |            Detecting libusb HID devices            |
232   |Info:    ------------------------------------------------------
233   |Info:    ------------------------------------------------------
233   |Info:    |              Detecting other devices               |
233   |Info:    ------------------------------------------------------
244   |Info:    [ResourceManager] Calling Post-detection callbacks
244   |Info:    ------------------------------------------------------
244   |Info:    |                Detection completed                 |
244   |Info:    ------------------------------------------------------
244   |Dialog:  <h2>Some internal devices may not be detected:</h2><p>One or more I2C or SMBus interfaces failed to initialize.</p><p><b>RGB DRAM modules, some motherboards' onboard RGB lighting, and RGB Graphics Cards, will not be available in OpenRGB</b> without I2C or SMBus.</p><h4>How to fix this:</h4><p>On Linux, this is usually because the i2c-dev module is not loaded.</p><p>You must load the i2c-dev module along with the correct i2c driver for your motherboard. This is usually i2c-piix4 for AMD systems and i2c-i801 for Intel systems.</p><p>See <a href='https://help.openrgb.org/'>help.openrgb.org</a> for additional troubleshooting steps if you keep seeing this message.<br></p><h3>If you are not using internal RGB on a desktop this message is not important to you.</h3>
